[ 2018-05-09T01:19:52+08:00 ] 127.0.0.1 /admin/pma/index.php
ERR: 无法加载控制器:Pma

[ 2018-05-09T01:19:54+08:00 ] 127.0.0.1 /admin/PMA/index.php
ERR: 无法加载控制器:PMA

[ 2018-05-09T01:19:55+08:00 ] 127.0.0.1 /admin/mysql/index.php
ERR: 无法加载控制器:Mysql

[ 2018-05-09T01:19:57+08:00 ] 127.0.0.1 /admin/mysql2/index.php
ERR: 无法加载控制器:Mysql2

[ 2018-05-09T01:19:59+08:00 ] 127.0.0.1 /admin/phpmyadmin/index.php
ERR: 无法加载控制器:Phpmyadmin

[ 2018-05-09T01:20:00+08:00 ] 127.0.0.1 /admin/phpMyAdmin/index.php
ERR: 无法加载控制器:PhpMyAdmin

[ 2018-05-09T01:20:02+08:00 ] 127.0.0.1 /admin/phpmyadmin2/index.php
ERR: 无法加载控制器:Phpmyadmin2

[ 2018-05-09T03:58:56+08:00 ] 127.0.0.1 /admin/mysql/index.php
ERR: 无法加载控制器:Mysql

[ 2018-05-09T04:22:18+08:00 ] 127.0.0.1 /admin/phpmyadmin2/index.php
ERR: 无法加载控制器:Phpmyadmin2

[ 2018-05-09T09:32:49+08:00 ] 127.0.0.1 /index.php?g=Admin&m=public&a=dologin
INFO: [ app_begin ] --START--
INFO: Run Behavior\ReadHtmlCacheBehavior [ RunTime:0.000331s ]
INFO: Run Behavior\CheckLangBehavior [ RunTime:0.000486s ]
INFO: [ app_begin ] --END-- [ RunTime:0.001141s ]

[ 2018-05-09T09:32:53+08:00 ] 127.0.0.1 /index.php?g=Admin&m=public&a=dologin
INFO: [ app_begin ] --START--
INFO: Run Behavior\ReadHtmlCacheBehavior [ RunTime:0.000336s ]
INFO: Run Behavior\CheckLangBehavior [ RunTime:0.000397s ]
INFO: [ app_begin ] --END-- [ RunTime:0.000996s ]

[ 2018-05-09T09:33:10+08:00 ] 127.0.0.1 /index.php?g=Admin&m=public&a=dologin
INFO: [ app_begin ] --START--
INFO: Run Behavior\ReadHtmlCacheBehavior [ RunTime:0.000328s ]
INFO: Run Behavior\CheckLangBehavior [ RunTime:0.000419s ]
INFO: [ app_begin ] --END-- [ RunTime:0.001008s ]
SQL: SHOW COLUMNS FROM `jd_users` [ RunTime:0.0164s ]
SQL: SELECT * FROM `jd_users` WHERE `user_login` = '蔡大云' LIMIT 1   [ RunTime:0.0119s ]
SQL: SHOW COLUMNS FROM `jd_role_user` [ RunTime:0.0006s ]
SQL: SELECT `role_id` FROM jd_role_user a INNER JOIN jd_role as b on a.role_id =b.id  WHERE `user_id` = '27' AND `status` = 1  [ RunTime:0.0352s ]
SQL: UPDATE `jd_users` SET `user_login`='蔡大云',`user_pass`='###8ab289b0e35cb9fbd890fad67921f31b',`user_nicename`='',`user_email`='',`user_url`='',`avatar`=NULL,`sex`='0',`birthday`=NULL,`signature`=NULL,`last_login_ip`='218.5.136.146',`last_login_time`='2018-05-09 09:33:10',`create_time`='2000-01-01 00:00:00',`user_activation_key`='',`user_status`='1',`score`='0',`user_type`='1',`mobile`='',`department`=NULL WHERE `id` = '27' [ RunTime:0.0017s ]

[ 2018-05-09T09:34:17+08:00 ] 127.0.0.1 /index.php?g=Admin&m=public&a=dologin
INFO: [ app_begin ] --START--
INFO: Run Behavior\ReadHtmlCacheBehavior [ RunTime:0.000316s ]
INFO: Run Behavior\CheckLangBehavior [ RunTime:0.000406s ]
INFO: [ app_begin ] --END-- [ RunTime:0.000990s ]

[ 2018-05-09T09:34:20+08:00 ] 127.0.0.1 /index.php?g=Admin&m=public&a=dologin
INFO: [ app_begin ] --START--
INFO: Run Behavior\ReadHtmlCacheBehavior [ RunTime:0.000344s ]
INFO: Run Behavior\CheckLangBehavior [ RunTime:0.000385s ]
INFO: [ app_begin ] --END-- [ RunTime:0.000978s ]
SQL: SHOW COLUMNS FROM `jd_users` [ RunTime:0.0007s ]
SQL: SELECT * FROM `jd_users` WHERE `user_login` = '卢少均' LIMIT 1   [ RunTime:0.0002s ]
SQL: SHOW COLUMNS FROM `jd_role_user` [ RunTime:0.0004s ]
SQL: SELECT `role_id` FROM jd_role_user a INNER JOIN jd_role as b on a.role_id =b.id  WHERE `user_id` = '24' AND `status` = 1  [ RunTime:0.0003s ]
SQL: UPDATE `jd_users` SET `user_login`='卢少均',`user_pass`='###98a0e7218704cb125869cfa98cf01e22',`user_nicename`='',`user_email`='',`user_url`='',`avatar`=NULL,`sex`='0',`birthday`=NULL,`signature`=NULL,`last_login_ip`='218.5.136.146',`last_login_time`='2018-05-09 09:34:20',`create_time`='2000-01-01 00:00:00',`user_activation_key`='',`user_status`='1',`score`='0',`user_type`='1',`mobile`='',`department`=NULL WHERE `id` = '24' [ RunTime:0.0089s ]

[ 2018-05-09T09:36:07+08:00 ] 127.0.0.1 /index.php?g=Admin&m=public&a=dologin
INFO: [ app_begin ] --START--
INFO: Run Behavior\ReadHtmlCacheBehavior [ RunTime:0.000445s ]
INFO: Run Behavior\CheckLangBehavior [ RunTime:0.000498s ]
INFO: [ app_begin ] --END-- [ RunTime:0.001194s ]
SQL: SHOW COLUMNS FROM `jd_users` [ RunTime:0.0007s ]
SQL: SELECT * FROM `jd_users` WHERE `user_login` = '卢文利' LIMIT 1   [ RunTime:0.0003s ]
SQL: SHOW COLUMNS FROM `jd_role_user` [ RunTime:0.0004s ]
SQL: SELECT `role_id` FROM jd_role_user a INNER JOIN jd_role as b on a.role_id =b.id  WHERE `user_id` = '25' AND `status` = 1  [ RunTime:0.0003s ]
SQL: UPDATE `jd_users` SET `user_login`='卢文利',`user_pass`='###b06d02f4205763b1b74261b872980155',`user_nicename`='',`user_email`='',`user_url`='',`avatar`=NULL,`sex`='0',`birthday`=NULL,`signature`=NULL,`last_login_ip`='218.5.136.146',`last_login_time`='2018-05-09 09:36:07',`create_time`='2000-01-01 00:00:00',`user_activation_key`='',`user_status`='1',`score`='0',`user_type`='1',`mobile`='',`department`=NULL WHERE `id` = '25' [ RunTime:0.0012s ]

[ 2018-05-09T09:38:41+08:00 ] 127.0.0.1 /index.php?g=Admin&m=public&a=dologin
INFO: [ app_begin ] --START--
INFO: Run Behavior\ReadHtmlCacheBehavior [ RunTime:0.000390s ]
INFO: Run Behavior\CheckLangBehavior [ RunTime:0.000433s ]
INFO: [ app_begin ] --END-- [ RunTime:0.001099s ]
SQL: SHOW COLUMNS FROM `jd_users` [ RunTime:0.0007s ]
SQL: SELECT * FROM `jd_users` WHERE `user_login` = '柯连宝' LIMIT 1   [ RunTime:0.0003s ]
SQL: SHOW COLUMNS FROM `jd_role_user` [ RunTime:0.0004s ]
SQL: SELECT `role_id` FROM jd_role_user a INNER JOIN jd_role as b on a.role_id =b.id  WHERE `user_id` = '35' AND `status` = 1  [ RunTime:0.0002s ]
SQL: UPDATE `jd_users` SET `user_login`='柯连宝',`user_pass`='###8ab289b0e35cb9fbd890fad67921f31b',`user_nicename`='',`user_email`='',`user_url`='',`avatar`=NULL,`sex`='0',`birthday`=NULL,`signature`=NULL,`last_login_ip`='218.5.136.146',`last_login_time`='2018-05-09 09:38:41',`create_time`='2000-01-01 00:00:00',`user_activation_key`='',`user_status`='1',`score`='0',`user_type`='1',`mobile`='',`department`=NULL WHERE `id` = '35' [ RunTime:0.0169s ]

[ 2018-05-09T09:40:25+08:00 ] 127.0.0.1 /index.php?g=Admin&m=public&a=dologin
INFO: [ app_begin ] --START--
INFO: Run Behavior\ReadHtmlCacheBehavior [ RunTime:0.000308s ]
INFO: Run Behavior\CheckLangBehavior [ RunTime:0.000449s ]
INFO: [ app_begin ] --END-- [ RunTime:0.000994s ]

[ 2018-05-09T09:40:29+08:00 ] 127.0.0.1 /index.php?g=Admin&m=public&a=dologin
INFO: [ app_begin ] --START--
INFO: Run Behavior\ReadHtmlCacheBehavior [ RunTime:0.000347s ]
INFO: Run Behavior\CheckLangBehavior [ RunTime:0.000476s ]
INFO: [ app_begin ] --END-- [ RunTime:0.001083s ]
SQL: SHOW COLUMNS FROM `jd_users` [ RunTime:0.0007s ]
SQL: SELECT * FROM `jd_users` WHERE `user_login` = 'admin' LIMIT 1   [ RunTime:0.0002s ]
SQL: SHOW COLUMNS FROM `jd_role_user` [ RunTime:0.0004s ]
SQL: SELECT `role_id` FROM jd_role_user a INNER JOIN jd_role as b on a.role_id =b.id  WHERE `user_id` = '1' AND `status` = 1  [ RunTime:0.0002s ]
SQL: UPDATE `jd_users` SET `user_login`='admin',`user_pass`='###8ab289b0e35cb9fbd890fad67921f31b',`user_nicename`='loieng',`user_email`='admin',`user_url`='',`avatar`=NULL,`sex`='1',`birthday`=NULL,`signature`='',`last_login_ip`='218.5.136.146',`last_login_time`='2018-05-09 09:40:29',`create_time`='2016-09-13 01:34:16',`user_activation_key`='',`user_status`='1',`score`='0',`user_type`='1',`mobile`='0',`department`='' WHERE `id` = '1' [ RunTime:0.0058s ]

[ 2018-05-09T09:42:43+08:00 ] 127.0.0.1 /index.php?g=Admin&m=public&a=dologin
INFO: [ app_begin ] --START--
INFO: Run Behavior\ReadHtmlCacheBehavior [ RunTime:0.000371s ]
INFO: Run Behavior\CheckLangBehavior [ RunTime:0.000408s ]
INFO: [ app_begin ] --END-- [ RunTime:0.001040s ]
SQL: SHOW COLUMNS FROM `jd_users` [ RunTime:0.0008s ]
SQL: SELECT * FROM `jd_users` WHERE `user_login` = '蔡致兴' LIMIT 1   [ RunTime:0.0003s ]
SQL: SHOW COLUMNS FROM `jd_role_user` [ RunTime:0.0004s ]
SQL: SELECT `role_id` FROM jd_role_user a INNER JOIN jd_role as b on a.role_id =b.id  WHERE `user_id` = '26' AND `status` = 1  [ RunTime:0.0002s ]
SQL: UPDATE `jd_users` SET `user_login`='蔡致兴',`user_pass`='###b06d02f4205763b1b74261b872980155',`user_nicename`='',`user_email`='',`user_url`='',`avatar`=NULL,`sex`='0',`birthday`=NULL,`signature`=NULL,`last_login_ip`='218.5.136.146',`last_login_time`='2018-05-09 09:42:43',`create_time`='2000-01-01 00:00:00',`user_activation_key`='',`user_status`='1',`score`='0',`user_type`='1',`mobile`='',`department`=NULL WHERE `id` = '26' [ RunTime:0.0018s ]

[ 2018-05-09T10:03:03+08:00 ] 127.0.0.1 /index.php?g=Admin&m=public&a=dologin
INFO: [ app_begin ] --START--
INFO: Run Behavior\ReadHtmlCacheBehavior [ RunTime:0.000412s ]
INFO: Run Behavior\CheckLangBehavior [ RunTime:0.000478s ]
INFO: [ app_begin ] --END-- [ RunTime:0.001234s ]
SQL: SHOW COLUMNS FROM `jd_users` [ RunTime:0.0010s ]
SQL: SELECT * FROM `jd_users` WHERE `user_login` = '卢志江' LIMIT 1   [ RunTime:0.0005s ]
SQL: SHOW COLUMNS FROM `jd_role_user` [ RunTime:0.0005s ]
SQL: SELECT `role_id` FROM jd_role_user a INNER JOIN jd_role as b on a.role_id =b.id  WHERE `user_id` = '32' AND `status` = 1  [ RunTime:0.0004s ]
SQL: UPDATE `jd_users` SET `user_login`='卢志江',`user_pass`='###8ab289b0e35cb9fbd890fad67921f31b',`user_nicename`='',`user_email`='',`user_url`='',`avatar`=NULL,`sex`='0',`birthday`=NULL,`signature`=NULL,`last_login_ip`='218.5.136.146',`last_login_time`='2018-05-09 10:03:03',`create_time`='2000-01-01 00:00:00',`user_activation_key`='',`user_status`='1',`score`='0',`user_type`='1',`mobile`='',`department`=NULL WHERE `id` = '32' [ RunTime:0.0097s ]

[ 2018-05-09T10:48:45+08:00 ] 127.0.0.1 /index.php?g=Admin&m=public&a=dologin
INFO: [ app_begin ] --START--
INFO: Run Behavior\ReadHtmlCacheBehavior [ RunTime:0.000309s ]
INFO: Run Behavior\CheckLangBehavior [ RunTime:0.000395s ]
INFO: [ app_begin ] --END-- [ RunTime:0.000946s ]
SQL: SHOW COLUMNS FROM `jd_users` [ RunTime:0.0009s ]
SQL: SELECT * FROM `jd_users` WHERE `user_login` = 'admin' LIMIT 1   [ RunTime:0.0004s ]
SQL: SHOW COLUMNS FROM `jd_role_user` [ RunTime:0.0005s ]
SQL: SELECT `role_id` FROM jd_role_user a INNER JOIN jd_role as b on a.role_id =b.id  WHERE `user_id` = '1' AND `status` = 1  [ RunTime:0.0003s ]
SQL: UPDATE `jd_users` SET `user_login`='admin',`user_pass`='###8ab289b0e35cb9fbd890fad67921f31b',`user_nicename`='loieng',`user_email`='admin',`user_url`='',`avatar`=NULL,`sex`='1',`birthday`=NULL,`signature`='',`last_login_ip`='120.41.76.172',`last_login_time`='2018-05-09 10:48:45',`create_time`='2016-09-13 01:34:16',`user_activation_key`='',`user_status`='1',`score`='0',`user_type`='1',`mobile`='0',`department`='' WHERE `id` = '1' [ RunTime:0.0016s ]

[ 2018-05-09T10:49:06+08:00 ] 127.0.0.1 /index.php?g=Admin&m=setting&a=password_post
INFO: [ app_begin ] --START--
INFO: Run Behavior\ReadHtmlCacheBehavior [ RunTime:0.000396s ]
INFO: Run Behavior\CheckLangBehavior [ RunTime:0.000619s ]
INFO: [ app_begin ] --END-- [ RunTime:0.001264s ]
SQL: SHOW COLUMNS FROM `jd_users` [ RunTime:0.0007s ]
SQL: SELECT * FROM `jd_users` WHERE ( id=1 ) LIMIT 1   [ RunTime:0.0002s ]
SQL: SHOW COLUMNS FROM `jd_options` [ RunTime:0.0004s ]
SQL: SHOW COLUMNS FROM `jd_users` [ RunTime:0.0005s ]
SQL: SELECT * FROM `jd_users` WHERE `id` = '1' LIMIT 1   [ RunTime:0.0002s ]
SQL: UPDATE `jd_users` SET `user_pass`='###9e5486f576bd4fb8dc0e014a05975ebe' WHERE `id` = '1' [ RunTime:0.0016s ]

[ 2018-05-09T10:49:17+08:00 ] 127.0.0.1 /index.php?g=Admin&m=public&a=dologin
INFO: [ app_begin ] --START--
INFO: Run Behavior\ReadHtmlCacheBehavior [ RunTime:0.000355s ]
INFO: Run Behavior\CheckLangBehavior [ RunTime:0.000392s ]
INFO: [ app_begin ] --END-- [ RunTime:0.001006s ]
SQL: SHOW COLUMNS FROM `jd_users` [ RunTime:0.0007s ]
SQL: SELECT * FROM `jd_users` WHERE `user_login` = 'admin' LIMIT 1   [ RunTime:0.0002s ]
SQL: SHOW COLUMNS FROM `jd_role_user` [ RunTime:0.0004s ]
SQL: SELECT `role_id` FROM jd_role_user a INNER JOIN jd_role as b on a.role_id =b.id  WHERE `user_id` = '1' AND `status` = 1  [ RunTime:0.0002s ]
SQL: UPDATE `jd_users` SET `user_login`='admin',`user_pass`='###9e5486f576bd4fb8dc0e014a05975ebe',`user_nicename`='loieng',`user_email`='admin',`user_url`='',`avatar`=NULL,`sex`='1',`birthday`=NULL,`signature`='',`last_login_ip`='120.41.76.172',`last_login_time`='2018-05-09 10:49:17',`create_time`='2016-09-13 01:34:16',`user_activation_key`='',`user_status`='1',`score`='0',`user_type`='1',`mobile`='0',`department`='' WHERE `id` = '1' [ RunTime:0.0015s ]

[ 2018-05-09T11:21:54+08:00 ] 127.0.0.1 /index.php?g=Admin&m=public&a=dologin
INFO: [ app_begin ] --START--
INFO: Run Behavior\ReadHtmlCacheBehavior [ RunTime:0.000331s ]
INFO: Run Behavior\CheckLangBehavior [ RunTime:0.000417s ]
INFO: [ app_begin ] --END-- [ RunTime:0.001010s ]
SQL: SHOW COLUMNS FROM `jd_users` [ RunTime:0.0006s ]
SQL: SELECT * FROM `jd_users` WHERE `user_login` = '刘美纯' LIMIT 1   [ RunTime:0.0004s ]
SQL: SHOW COLUMNS FROM `jd_role_user` [ RunTime:0.0004s ]
SQL: SELECT `role_id` FROM jd_role_user a INNER JOIN jd_role as b on a.role_id =b.id  WHERE `user_id` = '33' AND `status` = 1  [ RunTime:0.0002s ]
SQL: UPDATE `jd_users` SET `user_login`='刘美纯',`user_pass`='###8ab289b0e35cb9fbd890fad67921f31b',`user_nicename`='',`user_email`='',`user_url`='',`avatar`=NULL,`sex`='0',`birthday`=NULL,`signature`=NULL,`last_login_ip`='218.5.136.146',`last_login_time`='2018-05-09 11:21:54',`create_time`='2000-01-01 00:00:00',`user_activation_key`='',`user_status`='1',`score`='0',`user_type`='1',`mobile`='',`department`=NULL WHERE `id` = '33' [ RunTime:0.0020s ]

[ 2018-05-09T11:31:36+08:00 ] 127.0.0.1 /index.php?g=Admin&m=public&a=dologin
INFO: [ app_begin ] --START--
INFO: Run Behavior\ReadHtmlCacheBehavior [ RunTime:0.000336s ]
INFO: Run Behavior\CheckLangBehavior [ RunTime:0.000380s ]
INFO: [ app_begin ] --END-- [ RunTime:0.000991s ]

[ 2018-05-09T11:31:43+08:00 ] 127.0.0.1 /index.php?g=Admin&m=public&a=dologin
INFO: [ app_begin ] --START--
INFO: Run Behavior\ReadHtmlCacheBehavior [ RunTime:0.000353s ]
INFO: Run Behavior\CheckLangBehavior [ RunTime:0.000378s ]
INFO: [ app_begin ] --END-- [ RunTime:0.001081s ]
SQL: SHOW COLUMNS FROM `jd_users` [ RunTime:0.0007s ]
SQL: SELECT * FROM `jd_users` WHERE `user_login` = '蔡大云' LIMIT 1   [ RunTime:0.0003s ]
SQL: SHOW COLUMNS FROM `jd_role_user` [ RunTime:0.0004s ]
SQL: SELECT `role_id` FROM jd_role_user a INNER JOIN jd_role as b on a.role_id =b.id  WHERE `user_id` = '27' AND `status` = 1  [ RunTime:0.0002s ]
SQL: UPDATE `jd_users` SET `user_login`='蔡大云',`user_pass`='###8ab289b0e35cb9fbd890fad67921f31b',`user_nicename`='',`user_email`='',`user_url`='',`avatar`=NULL,`sex`='0',`birthday`=NULL,`signature`=NULL,`last_login_ip`='218.5.136.146',`last_login_time`='2018-05-09 11:31:43',`create_time`='2000-01-01 00:00:00',`user_activation_key`='',`user_status`='1',`score`='0',`user_type`='1',`mobile`='',`department`=NULL WHERE `id` = '27' [ RunTime:0.0093s ]

[ 2018-05-09T12:05:14+08:00 ] 127.0.0.1 /index.php?g=Admin&m=public&a=dologin
INFO: [ app_begin ] --START--
INFO: Run Behavior\ReadHtmlCacheBehavior [ RunTime:0.000337s ]
INFO: Run Behavior\CheckLangBehavior [ RunTime:0.000402s ]
INFO: [ app_begin ] --END-- [ RunTime:0.000984s ]
SQL: SHOW COLUMNS FROM `jd_users` [ RunTime:0.0008s ]
SQL: SELECT * FROM `jd_users` WHERE `user_login` = '卢志江' LIMIT 1   [ RunTime:0.0180s ]
SQL: SHOW COLUMNS FROM `jd_role_user` [ RunTime:0.0011s ]
SQL: SELECT `role_id` FROM jd_role_user a INNER JOIN jd_role as b on a.role_id =b.id  WHERE `user_id` = '32' AND `status` = 1  [ RunTime:0.0007s ]
SQL: UPDATE `jd_users` SET `user_login`='卢志江',`user_pass`='###8ab289b0e35cb9fbd890fad67921f31b',`user_nicename`='',`user_email`='',`user_url`='',`avatar`=NULL,`sex`='0',`birthday`=NULL,`signature`=NULL,`last_login_ip`='218.5.136.146',`last_login_time`='2018-05-09 12:05:14',`create_time`='2000-01-01 00:00:00',`user_activation_key`='',`user_status`='1',`score`='0',`user_type`='1',`mobile`='',`department`=NULL WHERE `id` = '32' [ RunTime:0.0021s ]

[ 2018-05-09T13:25:35+08:00 ] 127.0.0.1 /index.php?g=Admin&m=Menu&a=index&menuid=100
NOTIC: D方法实例化没找到模型类Common\Model\AuthRuleModel

[ 2018-05-09T13:26:37+08:00 ] 127.0.0.1 /index.php?g=Admin&m=User&a=add_post
INFO: [ app_begin ] --START--
INFO: Run Behavior\ReadHtmlCacheBehavior [ RunTime:0.000350s ]
INFO: Run Behavior\CheckLangBehavior [ RunTime:0.000467s ]
INFO: [ app_begin ] --END-- [ RunTime:0.001062s ]
SQL: SHOW COLUMNS FROM `jd_users` [ RunTime:0.0007s ]
SQL: SELECT * FROM `jd_users` WHERE ( id=1 ) LIMIT 1   [ RunTime:0.0002s ]
SQL: SHOW COLUMNS FROM `jd_users` [ RunTime:0.0005s ]
SQL: SHOW COLUMNS FROM `jd_member` [ RunTime:0.0005s ]
SQL: SHOW COLUMNS FROM `jd_role` [ RunTime:0.0005s ]
NOTIC: [8] Undefined index: validate /global/www/cms/simplewind/Core/Library/Think/Model.class.php 第 1185 行.
SQL: SELECT * FROM `jd_users` WHERE `user_login` = '林威治' LIMIT 1   [ RunTime:0.0003s ]
NOTIC: [8] Undefined index: auto /global/www/cms/simplewind/Core/Library/Think/Model.class.php 第 1128 行.
SQL: INSERT INTO `jd_users` (`user_login`,`user_pass`) VALUES ('林威治','###8ab289b0e35cb9fbd890fad67921f31b') [ RunTime:0.0012s ]
SQL: SHOW COLUMNS FROM `jd_role_user` [ RunTime:0.0004s ]
SQL: INSERT INTO `jd_role_user` (`role_id`,`user_id`) VALUES ('7','36') [ RunTime:0.0064s ]
SQL: SHOW COLUMNS FROM `jd_role` [ RunTime:0.0004s ]
SQL: SELECT `name` FROM `jd_role` WHERE `id` = 7 LIMIT 1   [ RunTime:0.0001s ]
SQL: INSERT INTO `jd_role_user` (`role_id`,`user_id`) VALUES ('6','36') [ RunTime:0.0003s ]
SQL: SELECT `name` FROM `jd_role` WHERE `id` = 6 LIMIT 1   [ RunTime:0.0001s ]
SQL: INSERT INTO `jd_role_user` (`role_id`,`user_id`) VALUES ('5','36') [ RunTime:0.0003s ]
SQL: SELECT `name` FROM `jd_role` WHERE `id` = 5 LIMIT 1   [ RunTime:0.0001s ]
SQL: INSERT INTO `jd_role_user` (`role_id`,`user_id`) VALUES ('3','36') [ RunTime:0.0004s ]
SQL: SELECT `name` FROM `jd_role` WHERE `id` = 3 LIMIT 1   [ RunTime:0.0001s ]
SQL: SHOW COLUMNS FROM `jd_log` [ RunTime:0.0004s ]
SQL: INSERT INTO `jd_log` (`type`,`uid`,`bid`,`content`,`addtime`) VALUES ('1','1','36','添加管理员成功,管理员ID为{36}','1525843597') [ RunTime:0.0008s ]
SQL: INSERT INTO `jd_log` (`type`,`uid`,`bid`,`content`,`addtime`) VALUES ('2','1','36','添加管理员权限成功,管理员ID为{36},权限为:催收&风控&审核人员&业务','1525843597') [ RunTime:0.0005s ]

[ 2018-05-09T13:33:30+08:00 ] 127.0.0.1 /index.php?g=Admin&m=public&a=dologin
INFO: [ app_begin ] --START--
INFO: Run Behavior\ReadHtmlCacheBehavior [ RunTime:0.000315s ]
INFO: Run Behavior\CheckLangBehavior [ RunTime:0.000408s ]
INFO: [ app_begin ] --END-- [ RunTime:0.000988s ]
SQL: SHOW COLUMNS FROM `jd_users` [ RunTime:0.0007s ]
SQL: SELECT * FROM `jd_users` WHERE `user_login` = '格林威治' LIMIT 1   [ RunTime:0.0003s ]

[ 2018-05-09T13:33:41+08:00 ] 127.0.0.1 /index.php?g=Admin&m=public&a=dologin
INFO: [ app_begin ] --START--
INFO: Run Behavior\ReadHtmlCacheBehavior [ RunTime:0.000319s ]
INFO: Run Behavior\CheckLangBehavior [ RunTime:0.000421s ]
INFO: [ app_begin ] --END-- [ RunTime:0.000999s ]
SQL: SHOW COLUMNS FROM `jd_users` [ RunTime:0.0007s ]
SQL: SELECT * FROM `jd_users` WHERE `user_login` = '林威治' LIMIT 1   [ RunTime:0.0002s ]
SQL: SHOW COLUMNS FROM `jd_role_user` [ RunTime:0.0004s ]
SQL: SELECT `role_id` FROM jd_role_user a INNER JOIN jd_role as b on a.role_id =b.id  WHERE `user_id` = '36' AND `status` = 1  [ RunTime:0.0003s ]
SQL: UPDATE `jd_users` SET `user_login`='林威治',`user_pass`='###8ab289b0e35cb9fbd890fad67921f31b',`user_nicename`='',`user_email`='',`user_url`='',`avatar`=NULL,`sex`='0',`birthday`=NULL,`signature`=NULL,`last_login_ip`='219.139.203.197',`last_login_time`='2018-05-09 13:33:41',`create_time`='2000-01-01 00:00:00',`user_activation_key`='',`user_status`='1',`score`='0',`user_type`='1',`mobile`='',`department`=NULL WHERE `id` = '36' [ RunTime:0.0012s ]

[ 2018-05-09T13:39:01+08:00 ] 127.0.0.1 /index.php?g=Admin&m=Menu&a=index&menuid=100
NOTIC: D方法实例化没找到模型类Common\Model\AuthRuleModel

[ 2018-05-09T13:52:26+08:00 ] 127.0.0.1 /index.php?g=Admin&m=Menu&a=index&menuid=100
NOTIC: D方法实例化没找到模型类Common\Model\AuthRuleModel

[ 2018-05-09T13:57:30+08:00 ] 127.0.0.1 /index.php?g=Admin&m=Menu&a=index&menuid=100
NOTIC: D方法实例化没找到模型类Common\Model\AuthRuleModel

[ 2018-05-09T14:41:45+08:00 ] 127.0.0.1 /index.php?g=Admin&m=public&a=dologin
INFO: [ app_begin ] --START--
INFO: Run Behavior\ReadHtmlCacheBehavior [ RunTime:0.000359s ]
INFO: Run Behavior\CheckLangBehavior [ RunTime:0.000449s ]
INFO: [ app_begin ] --END-- [ RunTime:0.001069s ]

[ 2018-05-09T14:41:50+08:00 ] 127.0.0.1 /index.php?g=Admin&m=public&a=dologin
INFO: [ app_begin ] --START--
INFO: Run Behavior\ReadHtmlCacheBehavior [ RunTime:0.000685s ]
INFO: Run Behavior\CheckLangBehavior [ RunTime:0.000457s ]
INFO: [ app_begin ] --END-- [ RunTime:0.001435s ]

[ 2018-05-09T14:42:06+08:00 ] 127.0.0.1 /index.php?g=Admin&m=public&a=dologin
INFO: [ app_begin ] --START--
INFO: Run Behavior\ReadHtmlCacheBehavior [ RunTime:0.000454s ]
INFO: Run Behavior\CheckLangBehavior [ RunTime:0.000515s ]
INFO: [ app_begin ] --END-- [ RunTime:0.001301s ]
SQL: SHOW COLUMNS FROM `jd_users` [ RunTime:0.0007s ]
SQL: SELECT * FROM `jd_users` WHERE `user_login` = '范鹏翔' LIMIT 1   [ RunTime:0.0003s ]
SQL: SHOW COLUMNS FROM `jd_role_user` [ RunTime:0.0004s ]
SQL: SELECT `role_id` FROM jd_role_user a INNER JOIN jd_role as b on a.role_id =b.id  WHERE `user_id` = '23' AND `status` = 1  [ RunTime:0.0003s ]
SQL: UPDATE `jd_users` SET `user_login`='范鹏翔',`user_pass`='###5c69afd8f505e22816c77615951b6fa2',`user_nicename`='',`user_email`='',`user_url`='',`avatar`=NULL,`sex`='0',`birthday`=NULL,`signature`=NULL,`last_login_ip`='120.41.76.172',`last_login_time`='2018-05-09 14:42:06',`create_time`='2000-01-01 00:00:00',`user_activation_key`='',`user_status`='1',`score`='0',`user_type`='1',`mobile`='',`department`=NULL WHERE `id` = '23' [ RunTime:0.0022s ]

[ 2018-05-09T14:42:58+08:00 ] 127.0.0.1 /index.php?g=Admin&m=public&a=dologin
INFO: [ app_begin ] --START--
INFO: Run Behavior\ReadHtmlCacheBehavior [ RunTime:0.000325s ]
INFO: Run Behavior\CheckLangBehavior [ RunTime:0.000363s ]
INFO: [ app_begin ] --END-- [ RunTime:0.000936s ]
SQL: SHOW COLUMNS FROM `jd_users` [ RunTime:0.0007s ]
SQL: SELECT * FROM `jd_users` WHERE `user_login` = '卢文利' LIMIT 1   [ RunTime:0.0003s ]
SQL: SHOW COLUMNS FROM `jd_role_user` [ RunTime:0.0004s ]
SQL: SELECT `role_id` FROM jd_role_user a INNER JOIN jd_role as b on a.role_id =b.id  WHERE `user_id` = '25' AND `status` = 1  [ RunTime:0.0002s ]
SQL: UPDATE `jd_users` SET `user_login`='卢文利',`user_pass`='###b06d02f4205763b1b74261b872980155',`user_nicename`='',`user_email`='',`user_url`='',`avatar`=NULL,`sex`='0',`birthday`=NULL,`signature`=NULL,`last_login_ip`='218.5.136.146',`last_login_time`='2018-05-09 14:42:58',`create_time`='2000-01-01 00:00:00',`user_activation_key`='',`user_status`='1',`score`='0',`user_type`='1',`mobile`='',`department`=NULL WHERE `id` = '25' [ RunTime:0.0023s ]

[ 2018-05-09T15:57:23+08:00 ] 127.0.0.1 /index.php?g=Admin&m=public&a=dologin
INFO: [ app_begin ] --START--
INFO: Run Behavior\ReadHtmlCacheBehavior [ RunTime:0.000371s ]
INFO: Run Behavior\CheckLangBehavior [ RunTime:0.000435s ]
INFO: [ app_begin ] --END-- [ RunTime:0.001085s ]
SQL: SHOW COLUMNS FROM `jd_users` [ RunTime:0.0007s ]
SQL: SELECT * FROM `jd_users` WHERE `user_login` = '卢少均' LIMIT 1   [ RunTime:0.0004s ]
SQL: SHOW COLUMNS FROM `jd_role_user` [ RunTime:0.0004s ]
SQL: SELECT `role_id` FROM jd_role_user a INNER JOIN jd_role as b on a.role_id =b.id  WHERE `user_id` = '24' AND `status` = 1  [ RunTime:0.0005s ]
SQL: UPDATE `jd_users` SET `user_login`='卢少均',`user_pass`='###98a0e7218704cb125869cfa98cf01e22',`user_nicename`='',`user_email`='',`user_url`='',`avatar`=NULL,`sex`='0',`birthday`=NULL,`signature`=NULL,`last_login_ip`='218.5.136.146',`last_login_time`='2018-05-09 15:57:23',`create_time`='2000-01-01 00:00:00',`user_activation_key`='',`user_status`='1',`score`='0',`user_type`='1',`mobile`='',`department`=NULL WHERE `id` = '24' [ RunTime:0.0164s ]

[ 2018-05-09T16:21:11+08:00 ] 127.0.0.1 /index.php?g=Admin&m=public&a=dologin
INFO: [ app_begin ] --START--
INFO: Run Behavior\ReadHtmlCacheBehavior [ RunTime:0.000318s ]
INFO: Run Behavior\CheckLangBehavior [ RunTime:0.000357s ]
INFO: [ app_begin ] --END-- [ RunTime:0.000910s ]

[ 2018-05-09T16:21:18+08:00 ] 127.0.0.1 /index.php?g=Admin&m=public&a=dologin
INFO: [ app_begin ] --START--
INFO: Run Behavior\ReadHtmlCacheBehavior [ RunTime:0.000335s ]
INFO: Run Behavior\CheckLangBehavior [ RunTime:0.000431s ]
INFO: [ app_begin ] --END-- [ RunTime:0.001015s ]
SQL: SHOW COLUMNS FROM `jd_users` [ RunTime:0.0008s ]
SQL: SELECT * FROM `jd_users` WHERE `user_login` = '卢文利' LIMIT 1   [ RunTime:0.0004s ]
SQL: SHOW COLUMNS FROM `jd_role_user` [ RunTime:0.0004s ]
SQL: SELECT `role_id` FROM jd_role_user a INNER JOIN jd_role as b on a.role_id =b.id  WHERE `user_id` = '25' AND `status` = 1  [ RunTime:0.0005s ]
SQL: UPDATE `jd_users` SET `user_login`='卢文利',`user_pass`='###b06d02f4205763b1b74261b872980155',`user_nicename`='',`user_email`='',`user_url`='',`avatar`=NULL,`sex`='0',`birthday`=NULL,`signature`=NULL,`last_login_ip`='218.5.136.146',`last_login_time`='2018-05-09 16:21:18',`create_time`='2000-01-01 00:00:00',`user_activation_key`='',`user_status`='1',`score`='0',`user_type`='1',`mobile`='',`department`=NULL WHERE `id` = '25' [ RunTime:0.0067s ]

[ 2018-05-09T16:59:03+08:00 ] 127.0.0.1 /index.php?g=Admin&m=public&a=dologin
INFO: [ app_begin ] --START--
INFO: Run Behavior\ReadHtmlCacheBehavior [ RunTime:0.000317s ]
INFO: Run Behavior\CheckLangBehavior [ RunTime:0.000383s ]
INFO: [ app_begin ] --END-- [ RunTime:0.000983s ]
SQL: SHOW COLUMNS FROM `jd_users` [ RunTime:0.0009s ]
SQL: SELECT * FROM `jd_users` WHERE `user_login` = '柯连宝' LIMIT 1   [ RunTime:0.0004s ]
SQL: SHOW COLUMNS FROM `jd_role_user` [ RunTime:0.0005s ]
SQL: SELECT `role_id` FROM jd_role_user a INNER JOIN jd_role as b on a.role_id =b.id  WHERE `user_id` = '35' AND `status` = 1  [ RunTime:0.0003s ]
SQL: UPDATE `jd_users` SET `user_login`='柯连宝',`user_pass`='###8ab289b0e35cb9fbd890fad67921f31b',`user_nicename`='',`user_email`='',`user_url`='',`avatar`=NULL,`sex`='0',`birthday`=NULL,`signature`=NULL,`last_login_ip`='218.5.136.146',`last_login_time`='2018-05-09 16:59:03',`create_time`='2000-01-01 00:00:00',`user_activation_key`='',`user_status`='1',`score`='0',`user_type`='1',`mobile`='',`department`=NULL WHERE `id` = '35' [ RunTime:0.0274s ]

[ 2018-05-09T17:05:31+08:00 ] 127.0.0.1 /index.php?g=Admin&m=public&a=dologin
INFO: [ app_begin ] --START--
INFO: Run Behavior\ReadHtmlCacheBehavior [ RunTime:0.000340s ]
INFO: Run Behavior\CheckLangBehavior [ RunTime:0.000461s ]
INFO: [ app_begin ] --END-- [ RunTime:0.001055s ]
SQL: SHOW COLUMNS FROM `jd_users` [ RunTime:0.0006s ]
SQL: SELECT * FROM `jd_users` WHERE `user_login` = 'admin' LIMIT 1   [ RunTime:0.0004s ]
SQL: SHOW COLUMNS FROM `jd_role_user` [ RunTime:0.0004s ]
SQL: SELECT `role_id` FROM jd_role_user a INNER JOIN jd_role as b on a.role_id =b.id  WHERE `user_id` = '1' AND `status` = 1  [ RunTime:0.0002s ]
SQL: UPDATE `jd_users` SET `user_login`='admin',`user_pass`='###9e5486f576bd4fb8dc0e014a05975ebe',`user_nicename`='loieng',`user_email`='admin',`user_url`='',`avatar`=NULL,`sex`='1',`birthday`=NULL,`signature`='',`last_login_ip`='110.84.67.219',`last_login_time`='2018-05-09 17:05:31',`create_time`='2016-09-13 01:34:16',`user_activation_key`='',`user_status`='1',`score`='0',`user_type`='1',`mobile`='0',`department`='' WHERE `id` = '1' [ RunTime:0.0015s ]

[ 2018-05-09T17:07:57+08:00 ] 127.0.0.1 /index.php?g=Admin&m=user&a=mdelete&id=1398
INFO: [ app_begin ] --START--
INFO: Run Behavior\ReadHtmlCacheBehavior [ RunTime:0.000346s ]
INFO: Run Behavior\CheckLangBehavior [ RunTime:0.000534s ]
INFO: [ app_begin ] --END-- [ RunTime:0.001151s ]
SQL: SHOW COLUMNS FROM `jd_users` [ RunTime:0.0006s ]
SQL: SELECT * FROM `jd_users` WHERE ( id=1 ) LIMIT 1   [ RunTime:0.0002s ]
SQL: SHOW COLUMNS FROM `jd_users` [ RunTime:0.0005s ]
SQL: SHOW COLUMNS FROM `jd_member` [ RunTime:0.0006s ]
SQL: SHOW COLUMNS FROM `jd_role` [ RunTime:0.0005s ]
SQL: SELECT * FROM `jd_member` WHERE ( user_id=1398 ) LIMIT 1   [ RunTime:0.0002s ]
SQL: DELETE FROM `jd_member` WHERE ( user_id=1398 ) [ RunTime:0.0014s ]
SQL: SHOW COLUMNS FROM `jd_member_base` [ RunTime:0.0005s ]
SQL: SELECT * FROM `jd_member_base` WHERE `uid` = 1398 LIMIT 1   [ RunTime:0.0004s ]
SQL: DELETE FROM `jd_member_base` WHERE `uid` = 1398 [ RunTime:0.0007s ]
SQL: SHOW COLUMNS FROM `jd_member_bank` [ RunTime:0.0004s ]
SQL: SELECT * FROM `jd_member_bank` WHERE `uid` = 1398 LIMIT 1   [ RunTime:0.0002s ]
SQL: DELETE FROM `jd_member_bank` WHERE `uid` = 1398 [ RunTime:0.0005s ]
SQL: SHOW COLUMNS FROM `jd_member_credit` [ RunTime:0.0004s ]
SQL: SELECT * FROM `jd_member_credit` WHERE `uid` = 1398 LIMIT 1   [ RunTime:0.0002s ]
SQL: DELETE FROM `jd_member_credit` WHERE `uid` = 1398 [ RunTime:0.0005s ]
SQL: SHOW COLUMNS FROM `jd_member_addressbook` [ RunTime:0.0004s ]
SQL: SELECT * FROM `jd_member_addressbook` WHERE `uid` = 1398 LIMIT 1   [ RunTime:0.0003s ]
SQL: DELETE FROM `jd_member_addressbook` WHERE `uid` = 1398 [ RunTime:0.0478s ]
SQL: SHOW COLUMNS FROM `jd_member_operator` [ RunTime:0.0006s ]
SQL: SELECT * FROM `jd_member_operator` WHERE `uid` = 1398 LIMIT 1   [ RunTime:0.0038s ]
SQL: DELETE FROM `jd_member_operator` WHERE `uid` = 1398 [ RunTime:0.0010s ]
SQL: SHOW COLUMNS FROM `jd_member_taobao` [ RunTime:0.0005s ]
SQL: SELECT * FROM `jd_member_taobao` WHERE `uid` = 1398 LIMIT 1   [ RunTime:0.0194s ]
SQL: DELETE FROM `jd_member_taobao` WHERE `uid` = 1398 [ RunTime:0.0010s ]
SQL: SHOW COLUMNS FROM `jd_member_alipay` [ RunTime:0.0004s ]
SQL: SELECT * FROM `jd_member_alipay` WHERE `uid` = 1398 LIMIT 1   [ RunTime:0.0002s ]
SQL: DELETE FROM `jd_member_alipay` WHERE `uid` = 1398 [ RunTime:0.0010s ]
SQL: SHOW COLUMNS FROM `jd_member_idcardinfo` [ RunTime:0.0004s ]
SQL: SELECT * FROM `jd_member_idcardinfo` WHERE `uid` = 1398 LIMIT 1   [ RunTime:0.0002s ]
SQL: DELETE FROM `jd_member_idcardinfo` WHERE `uid` = 1398 [ RunTime:0.0012s ]
SQL: SHOW COLUMNS FROM `jd_oauth_user` [ RunTime:0.0005s ]
SQL: DELETE FROM `jd_oauth_user` WHERE `uid` = 1398 [ RunTime:0.0009s ]
SQL: SHOW COLUMNS FROM `jd_log` [ RunTime:0.0004s ]
SQL: INSERT INTO `jd_log` (`type`,`uid`,`bid`,`content`,`addtime`) VALUES ('1','1','1398','删除普通用户成功,用户ID为{1398}','1525856877') [ RunTime:0.0083s ]

[ 2018-05-09T17:09:39+08:00 ] 127.0.0.1 /index.php?g=Admin&m=public&a=dologin
INFO: [ app_begin ] --START--
INFO: Run Behavior\ReadHtmlCacheBehavior [ RunTime:0.000421s ]
INFO: Run Behavior\CheckLangBehavior [ RunTime:0.000382s ]
INFO: [ app_begin ] --END-- [ RunTime:0.001049s ]
SQL: SHOW COLUMNS FROM `jd_users` [ RunTime:0.0006s ]
SQL: SELECT * FROM `jd_users` WHERE `user_login` = '柯连宝' LIMIT 1   [ RunTime:0.0004s ]
SQL: SHOW COLUMNS FROM `jd_role_user` [ RunTime:0.0004s ]
SQL: SELECT `role_id` FROM jd_role_user a INNER JOIN jd_role as b on a.role_id =b.id  WHERE `user_id` = '35' AND `status` = 1  [ RunTime:0.0002s ]
SQL: UPDATE `jd_users` SET `user_login`='柯连宝',`user_pass`='###8ab289b0e35cb9fbd890fad67921f31b',`user_nicename`='',`user_email`='',`user_url`='',`avatar`=NULL,`sex`='0',`birthday`=NULL,`signature`=NULL,`last_login_ip`='218.5.136.146',`last_login_time`='2018-05-09 17:09:39',`create_time`='2000-01-01 00:00:00',`user_activation_key`='',`user_status`='1',`score`='0',`user_type`='1',`mobile`='',`department`=NULL WHERE `id` = '35' [ RunTime:0.0012s ]

[ 2018-05-09T17:25:13+08:00 ] 127.0.0.1 /index.php?g=Admin&m=public&a=dologin
INFO: [ app_begin ] --START--
INFO: Run Behavior\ReadHtmlCacheBehavior [ RunTime:0.000387s ]
INFO: Run Behavior\CheckLangBehavior [ RunTime:0.000415s ]
INFO: [ app_begin ] --END-- [ RunTime:0.001060s ]

[ 2018-05-09T17:25:24+08:00 ] 127.0.0.1 /index.php?g=Admin&m=public&a=dologin
INFO: [ app_begin ] --START--
INFO: Run Behavior\ReadHtmlCacheBehavior [ RunTime:0.000309s ]
INFO: Run Behavior\CheckLangBehavior [ RunTime:0.000444s ]
INFO: [ app_begin ] --END-- [ RunTime:0.001000s ]
SQL: SHOW COLUMNS FROM `jd_users` [ RunTime:0.0009s ]
SQL: SELECT * FROM `jd_users` WHERE `user_login` = '蔡大云' LIMIT 1   [ RunTime:0.0005s ]
SQL: SHOW COLUMNS FROM `jd_role_user` [ RunTime:0.0004s ]
SQL: SELECT `role_id` FROM jd_role_user a INNER JOIN jd_role as b on a.role_id =b.id  WHERE `user_id` = '27' AND `status` = 1  [ RunTime:0.0003s ]
SQL: UPDATE `jd_users` SET `user_login`='蔡大云',`user_pass`='###8ab289b0e35cb9fbd890fad67921f31b',`user_nicename`='',`user_email`='',`user_url`='',`avatar`=NULL,`sex`='0',`birthday`=NULL,`signature`=NULL,`last_login_ip`='218.5.136.146',`last_login_time`='2018-05-09 17:25:24',`create_time`='2000-01-01 00:00:00',`user_activation_key`='',`user_status`='1',`score`='0',`user_type`='1',`mobile`='',`department`=NULL WHERE `id` = '27' [ RunTime:0.0082s ]

[ 2018-05-09T18:55:07+08:00 ] 127.0.0.1 /index.php?g=Admin&m=public&a=dologin
INFO: [ app_begin ] --START--
INFO: Run Behavior\ReadHtmlCacheBehavior [ RunTime:0.000362s ]
INFO: Run Behavior\CheckLangBehavior [ RunTime:0.000398s ]
INFO: [ app_begin ] --END-- [ RunTime:0.001030s ]
SQL: SHOW COLUMNS FROM `jd_users` [ RunTime:0.0007s ]
SQL: SELECT * FROM `jd_users` WHERE `user_login` = '卢少均' LIMIT 1   [ RunTime:0.0003s ]
SQL: SHOW COLUMNS FROM `jd_role_user` [ RunTime:0.0004s ]
SQL: SELECT `role_id` FROM jd_role_user a INNER JOIN jd_role as b on a.role_id =b.id  WHERE `user_id` = '24' AND `status` = 1  [ RunTime:0.0002s ]
SQL: UPDATE `jd_users` SET `user_login`='卢少均',`user_pass`='###98a0e7218704cb125869cfa98cf01e22',`user_nicename`='',`user_email`='',`user_url`='',`avatar`=NULL,`sex`='0',`birthday`=NULL,`signature`=NULL,`last_login_ip`='218.5.136.146',`last_login_time`='2018-05-09 18:55:07',`create_time`='2000-01-01 00:00:00',`user_activation_key`='',`user_status`='1',`score`='0',`user_type`='1',`mobile`='',`department`=NULL WHERE `id` = '24' [ RunTime:0.0092s ]

[ 2018-05-09T22:31:58+08:00 ] 127.0.0.1 /index.php?g=Admin&m=public&a=dologin
INFO: [ app_begin ] --START--
INFO: Run Behavior\ReadHtmlCacheBehavior [ RunTime:0.000306s ]
INFO: Run Behavior\CheckLangBehavior [ RunTime:0.000415s ]
INFO: [ app_begin ] --END-- [ RunTime:0.000970s ]
SQL: SHOW COLUMNS FROM `jd_users` [ RunTime:0.0007s ]
SQL: SELECT * FROM `jd_users` WHERE `user_login` = 'admin' LIMIT 1   [ RunTime:0.0004s ]
SQL: SHOW COLUMNS FROM `jd_role_user` [ RunTime:0.0004s ]
SQL: SELECT `role_id` FROM jd_role_user a INNER JOIN jd_role as b on a.role_id =b.id  WHERE `user_id` = '1' AND `status` = 1  [ RunTime:0.0004s ]
SQL: UPDATE `jd_users` SET `user_login`='admin',`user_pass`='###9e5486f576bd4fb8dc0e014a05975ebe',`user_nicename`='loieng',`user_email`='admin',`user_url`='',`avatar`=NULL,`sex`='1',`birthday`=NULL,`signature`='',`last_login_ip`='110.84.67.219',`last_login_time`='2018-05-09 22:31:58',`create_time`='2016-09-13 01:34:16',`user_activation_key`='',`user_status`='1',`score`='0',`user_type`='1',`mobile`='0',`department`='' WHERE `id` = '1' [ RunTime:0.0015s ]

[ 2018-05-09T22:37:48+08:00 ] 127.0.0.1 /index.php?g=Admin&m=public&a=dologin
INFO: [ app_begin ] --START--
INFO: Run Behavior\ReadHtmlCacheBehavior [ RunTime:0.000308s ]
INFO: Run Behavior\CheckLangBehavior [ RunTime:0.000430s ]
INFO: [ app_begin ] --END-- [ RunTime:0.000992s ]

[ 2018-05-09T22:38:00+08:00 ] 127.0.0.1 /index.php?g=Admin&m=public&a=dologin
INFO: [ app_begin ] --START--
INFO: Run Behavior\ReadHtmlCacheBehavior [ RunTime:0.000337s ]
INFO: Run Behavior\CheckLangBehavior [ RunTime:0.000410s ]
INFO: [ app_begin ] --END-- [ RunTime:0.001005s ]
SQL: SHOW COLUMNS FROM `jd_users` [ RunTime:0.0006s ]
SQL: SELECT * FROM `jd_users` WHERE `user_login` = '范鹏翔' LIMIT 1   [ RunTime:0.0004s ]
SQL: SHOW COLUMNS FROM `jd_role_user` [ RunTime:0.0004s ]
SQL: SELECT `role_id` FROM jd_role_user a INNER JOIN jd_role as b on a.role_id =b.id  WHERE `user_id` = '23' AND `status` = 1  [ RunTime:0.0005s ]
SQL: UPDATE `jd_users` SET `user_login`='范鹏翔',`user_pass`='###5c69afd8f505e22816c77615951b6fa2',`user_nicename`='',`user_email`='',`user_url`='',`avatar`=NULL,`sex`='0',`birthday`=NULL,`signature`=NULL,`last_login_ip`='211.162.238.45',`last_login_time`='2018-05-09 22:38:00',`create_time`='2000-01-01 00:00:00',`user_activation_key`='',`user_status`='1',`score`='0',`user_type`='1',`mobile`='',`department`=NULL WHERE `id` = '23' [ RunTime:0.0111s ]

[ 2018-05-09T23:14:17+08:00 ] 127.0.0.1 /index.php?g=Admin&m=public&a=dologin
INFO: [ app_begin ] --START--
INFO: Run Behavior\ReadHtmlCacheBehavior [ RunTime:0.000336s ]
INFO: Run Behavior\CheckLangBehavior [ RunTime:0.000436s ]
INFO: [ app_begin ] --END-- [ RunTime:0.001018s ]
SQL: SHOW COLUMNS FROM `jd_users` [ RunTime:0.0006s ]
SQL: SELECT * FROM `jd_users` WHERE `user_login` = '卢文利' LIMIT 1   [ RunTime:0.0004s ]
SQL: SHOW COLUMNS FROM `jd_role_user` [ RunTime:0.0004s ]
SQL: SELECT `role_id` FROM jd_role_user a INNER JOIN jd_role as b on a.role_id =b.id  WHERE `user_id` = '25' AND `status` = 1  [ RunTime:0.0005s ]
SQL: UPDATE `jd_users` SET `user_login`='卢文利',`user_pass`='###b06d02f4205763b1b74261b872980155',`user_nicename`='',`user_email`='',`user_url`='',`avatar`=NULL,`sex`='0',`birthday`=NULL,`signature`=NULL,`last_login_ip`='27.151.188.194',`last_login_time`='2018-05-09 23:14:17',`create_time`='2000-01-01 00:00:00',`user_activation_key`='',`user_status`='1',`score`='0',`user_type`='1',`mobile`='',`department`=NULL WHERE `id` = '25' [ RunTime:0.0100s ]

[ 2018-05-09T23:22:29+08:00 ] 127.0.0.1 /admin/pma/index.php
ERR: 无法加载控制器:Pma

[ 2018-05-09T23:22:29+08:00 ] 127.0.0.1 /admin/PMA/index.php
ERR: 无法加载控制器:PMA

[ 2018-05-09T23:22:30+08:00 ] 127.0.0.1 /admin/mysql/index.php
ERR: 无法加载控制器:Mysql

[ 2018-05-09T23:22:30+08:00 ] 127.0.0.1 /admin/mysql2/index.php
ERR: 无法加载控制器:Mysql2

[ 2018-05-09T23:22:30+08:00 ] 127.0.0.1 /admin/phpmyadmin/index.php
ERR: 无法加载控制器:Phpmyadmin

[ 2018-05-09T23:22:31+08:00 ] 127.0.0.1 /admin/phpMyAdmin/index.php
ERR: 无法加载控制器:PhpMyAdmin

[ 2018-05-09T23:22:31+08:00 ] 127.0.0.1 /admin/phpmyadmin2/index.php
ERR: 无法加载控制器:Phpmyadmin2

