[ 2018-05-03T01:43:49+08:00 ] 127.0.0.1 /admin/sql.php
ERR: 无法加载控制器:Sql

[ 2018-05-03T01:43:50+08:00 ] 127.0.0.1 /admin/sql/sql.php
ERR: 无法加载控制器:Sql

[ 2018-05-03T07:30:12+08:00 ] 127.0.0.1 /admin/pma/index.php
ERR: 无法加载控制器:Pma

[ 2018-05-03T07:30:12+08:00 ] 127.0.0.1 /admin/PMA/index.php
ERR: 无法加载控制器:PMA

[ 2018-05-03T07:30:13+08:00 ] 127.0.0.1 /admin/mysql/index.php
ERR: 无法加载控制器:Mysql

[ 2018-05-03T07:30:14+08:00 ] 127.0.0.1 /admin/mysql2/index.php
ERR: 无法加载控制器:Mysql2

[ 2018-05-03T07:30:14+08:00 ] 127.0.0.1 /admin/phpmyadmin/index.php
ERR: 无法加载控制器:Phpmyadmin

[ 2018-05-03T07:30:15+08:00 ] 127.0.0.1 /admin/phpMyAdmin/index.php
ERR: 无法加载控制器:PhpMyAdmin

[ 2018-05-03T07:30:16+08:00 ] 127.0.0.1 /admin/phpmyadmin2/index.php
ERR: 无法加载控制器:Phpmyadmin2

[ 2018-05-03T08:13:20+08:00 ] 127.0.0.1 /index.php?g=Admin&m=public&a=dologin
INFO: [ app_begin ] --START--
INFO: Run Behavior\ReadHtmlCacheBehavior [ RunTime:0.000415s ]
INFO: Run Behavior\CheckLangBehavior [ RunTime:0.000487s ]
INFO: [ app_begin ] --END-- [ RunTime:0.001225s ]
SQL: SHOW COLUMNS FROM `jd_users` [ RunTime:0.0007s ]
SQL: SELECT * FROM `jd_users` WHERE `user_login` = '卢文利' LIMIT 1   [ RunTime:0.0004s ]
SQL: SHOW COLUMNS FROM `jd_role_user` [ RunTime:0.0004s ]
SQL: SELECT `role_id` FROM jd_role_user a INNER JOIN jd_role as b on a.role_id =b.id  WHERE `user_id` = '25' AND `status` = 1  [ RunTime:0.0676s ]
SQL: UPDATE `jd_users` SET `user_login`='卢文利',`user_pass`='###b06d02f4205763b1b74261b872980155',`user_nicename`='',`user_email`='',`user_url`='',`avatar`=NULL,`sex`='0',`birthday`=NULL,`signature`=NULL,`last_login_ip`='59.60.37.165',`last_login_time`='2018-05-03 08:13:20',`create_time`='2000-01-01 00:00:00',`user_activation_key`='',`user_status`='1',`score`='0',`user_type`='1',`mobile`='',`department`=NULL WHERE `id` = '25' [ RunTime:0.0056s ]

[ 2018-05-03T09:29:22+08:00 ] 127.0.0.1 /index.php?g=Admin&m=public&a=dologin
INFO: [ app_begin ] --START--
INFO: Run Behavior\ReadHtmlCacheBehavior [ RunTime:0.000325s ]
INFO: Run Behavior\CheckLangBehavior [ RunTime:0.000441s ]
INFO: [ app_begin ] --END-- [ RunTime:0.001050s ]
SQL: SHOW COLUMNS FROM `jd_users` [ RunTime:0.0008s ]
SQL: SELECT * FROM `jd_users` WHERE `user_login` = '蔡大云' LIMIT 1   [ RunTime:0.0005s ]
SQL: SHOW COLUMNS FROM `jd_role_user` [ RunTime:0.0005s ]
SQL: SELECT `role_id` FROM jd_role_user a INNER JOIN jd_role as b on a.role_id =b.id  WHERE `user_id` = '27' AND `status` = 1  [ RunTime:0.0006s ]
SQL: UPDATE `jd_users` SET `user_login`='蔡大云',`user_pass`='###8ab289b0e35cb9fbd890fad67921f31b',`user_nicename`='',`user_email`='',`user_url`='',`avatar`=NULL,`sex`='0',`birthday`=NULL,`signature`=NULL,`last_login_ip`='218.5.136.146',`last_login_time`='2018-05-03 09:29:22',`create_time`='2000-01-01 00:00:00',`user_activation_key`='',`user_status`='1',`score`='0',`user_type`='1',`mobile`='',`department`=NULL WHERE `id` = '27' [ RunTime:0.0103s ]

[ 2018-05-03T09:36:25+08:00 ] 127.0.0.1 /index.php?g=Admin&m=public&a=dologin
INFO: [ app_begin ] --START--
INFO: Run Behavior\ReadHtmlCacheBehavior [ RunTime:0.000535s ]
INFO: Run Behavior\CheckLangBehavior [ RunTime:0.000663s ]
INFO: [ app_begin ] --END-- [ RunTime:0.001576s ]
SQL: SHOW COLUMNS FROM `jd_users` [ RunTime:0.0008s ]
SQL: SELECT * FROM `jd_users` WHERE `user_login` = '卢志江' LIMIT 1   [ RunTime:0.0005s ]
SQL: SHOW COLUMNS FROM `jd_role_user` [ RunTime:0.0004s ]
SQL: SELECT `role_id` FROM jd_role_user a INNER JOIN jd_role as b on a.role_id =b.id  WHERE `user_id` = '32' AND `status` = 1  [ RunTime:0.0006s ]
SQL: UPDATE `jd_users` SET `user_login`='卢志江',`user_pass`='###8ab289b0e35cb9fbd890fad67921f31b',`user_nicename`='',`user_email`='',`user_url`='',`avatar`=NULL,`sex`='0',`birthday`=NULL,`signature`=NULL,`last_login_ip`='218.5.136.146',`last_login_time`='2018-05-03 09:36:25',`create_time`='2000-01-01 00:00:00',`user_activation_key`='',`user_status`='1',`score`='0',`user_type`='1',`mobile`='',`department`=NULL WHERE `id` = '32' [ RunTime:0.0078s ]

[ 2018-05-03T09:36:59+08:00 ] 127.0.0.1 /index.php?g=Admin&m=public&a=dologin
INFO: [ app_begin ] --START--
INFO: Run Behavior\ReadHtmlCacheBehavior [ RunTime:0.000371s ]
INFO: Run Behavior\CheckLangBehavior [ RunTime:0.000443s ]
INFO: [ app_begin ] --END-- [ RunTime:0.001155s ]
SQL: SHOW COLUMNS FROM `jd_users` [ RunTime:0.0006s ]
SQL: SELECT * FROM `jd_users` WHERE `user_login` = '蔡致兴' LIMIT 1   [ RunTime:0.0002s ]
SQL: SHOW COLUMNS FROM `jd_role_user` [ RunTime:0.0004s ]
SQL: SELECT `role_id` FROM jd_role_user a INNER JOIN jd_role as b on a.role_id =b.id  WHERE `user_id` = '26' AND `status` = 1  [ RunTime:0.0002s ]
SQL: UPDATE `jd_users` SET `user_login`='蔡致兴',`user_pass`='###b06d02f4205763b1b74261b872980155',`user_nicename`='',`user_email`='',`user_url`='',`avatar`=NULL,`sex`='0',`birthday`=NULL,`signature`=NULL,`last_login_ip`='218.5.136.146',`last_login_time`='2018-05-03 09:36:59',`create_time`='2000-01-01 00:00:00',`user_activation_key`='',`user_status`='1',`score`='0',`user_type`='1',`mobile`='',`department`=NULL WHERE `id` = '26' [ RunTime:0.0137s ]

[ 2018-05-03T09:39:15+08:00 ] 127.0.0.1 /index.php?g=Admin&m=public&a=dologin
INFO: [ app_begin ] --START--
INFO: Run Behavior\ReadHtmlCacheBehavior [ RunTime:0.000363s ]
INFO: Run Behavior\CheckLangBehavior [ RunTime:0.000524s ]
INFO: [ app_begin ] --END-- [ RunTime:0.001159s ]
SQL: SHOW COLUMNS FROM `jd_users` [ RunTime:0.0007s ]
SQL: SELECT * FROM `jd_users` WHERE `user_login` = '卢文利' LIMIT 1   [ RunTime:0.0005s ]
SQL: SHOW COLUMNS FROM `jd_role_user` [ RunTime:0.0004s ]
SQL: SELECT `role_id` FROM jd_role_user a INNER JOIN jd_role as b on a.role_id =b.id  WHERE `user_id` = '25' AND `status` = 1  [ RunTime:0.0005s ]
SQL: UPDATE `jd_users` SET `user_login`='卢文利',`user_pass`='###b06d02f4205763b1b74261b872980155',`user_nicename`='',`user_email`='',`user_url`='',`avatar`=NULL,`sex`='0',`birthday`=NULL,`signature`=NULL,`last_login_ip`='218.5.136.146',`last_login_time`='2018-05-03 09:39:15',`create_time`='2000-01-01 00:00:00',`user_activation_key`='',`user_status`='1',`score`='0',`user_type`='1',`mobile`='',`department`=NULL WHERE `id` = '25' [ RunTime:0.0282s ]

[ 2018-05-03T09:44:41+08:00 ] 127.0.0.1 /admin/phpMyAdmin/index.php
ERR: 无法加载控制器:PhpMyAdmin

[ 2018-05-03T09:49:37+08:00 ] 127.0.0.1 /index.php?g=Admin&m=public&a=dologin
INFO: [ app_begin ] --START--
INFO: Run Behavior\ReadHtmlCacheBehavior [ RunTime:0.000334s ]
INFO: Run Behavior\CheckLangBehavior [ RunTime:0.000465s ]
INFO: [ app_begin ] --END-- [ RunTime:0.001068s ]
SQL: SHOW COLUMNS FROM `jd_users` [ RunTime:0.0007s ]
SQL: SELECT * FROM `jd_users` WHERE `user_login` = 'admin' LIMIT 1   [ RunTime:0.0004s ]
SQL: SHOW COLUMNS FROM `jd_role_user` [ RunTime:0.0004s ]
SQL: SELECT `role_id` FROM jd_role_user a INNER JOIN jd_role as b on a.role_id =b.id  WHERE `user_id` = '1' AND `status` = 1  [ RunTime:0.0004s ]
SQL: UPDATE `jd_users` SET `user_login`='admin',`user_pass`='###8ab289b0e35cb9fbd890fad67921f31b',`user_nicename`='loieng',`user_email`='admin',`user_url`='',`avatar`=NULL,`sex`='1',`birthday`=NULL,`signature`='',`last_login_ip`='218.5.136.146',`last_login_time`='2018-05-03 09:49:37',`create_time`='2016-09-13 01:34:16',`user_activation_key`='',`user_status`='1',`score`='0',`user_type`='1',`mobile`='0',`department`='' WHERE `id` = '1' [ RunTime:0.0181s ]

[ 2018-05-03T09:51:48+08:00 ] 127.0.0.1 /index.php?g=Admin&m=public&a=dologin
INFO: [ app_begin ] --START--
INFO: Run Behavior\ReadHtmlCacheBehavior [ RunTime:0.000326s ]
INFO: Run Behavior\CheckLangBehavior [ RunTime:0.000496s ]
INFO: [ app_begin ] --END-- [ RunTime:0.001067s ]
SQL: SHOW COLUMNS FROM `jd_users` [ RunTime:0.0007s ]
SQL: SELECT * FROM `jd_users` WHERE `user_login` = '卢少均' LIMIT 1   [ RunTime:0.0004s ]
SQL: SHOW COLUMNS FROM `jd_role_user` [ RunTime:0.0004s ]
SQL: SELECT `role_id` FROM jd_role_user a INNER JOIN jd_role as b on a.role_id =b.id  WHERE `user_id` = '24' AND `status` = 1  [ RunTime:0.0006s ]
SQL: UPDATE `jd_users` SET `user_login`='卢少均',`user_pass`='###98a0e7218704cb125869cfa98cf01e22',`user_nicename`='',`user_email`='',`user_url`='',`avatar`=NULL,`sex`='0',`birthday`=NULL,`signature`=NULL,`last_login_ip`='218.5.136.146',`last_login_time`='2018-05-03 09:51:48',`create_time`='2000-01-01 00:00:00',`user_activation_key`='',`user_status`='1',`score`='0',`user_type`='1',`mobile`='',`department`=NULL WHERE `id` = '24' [ RunTime:0.0086s ]

[ 2018-05-03T09:56:55+08:00 ] 127.0.0.1 /index.php?g=Admin&m=public&a=dologin
INFO: [ app_begin ] --START--
INFO: Run Behavior\ReadHtmlCacheBehavior [ RunTime:0.000345s ]
INFO: Run Behavior\CheckLangBehavior [ RunTime:0.000428s ]
INFO: [ app_begin ] --END-- [ RunTime:0.001055s ]
SQL: SHOW COLUMNS FROM `jd_users` [ RunTime:0.0010s ]
SQL: SELECT * FROM `jd_users` WHERE `user_login` = '刘美纯' LIMIT 1   [ RunTime:0.0004s ]
SQL: SHOW COLUMNS FROM `jd_role_user` [ RunTime:0.0005s ]
SQL: SELECT `role_id` FROM jd_role_user a INNER JOIN jd_role as b on a.role_id =b.id  WHERE `user_id` = '33' AND `status` = 1  [ RunTime:0.0006s ]
SQL: UPDATE `jd_users` SET `user_login`='刘美纯',`user_pass`='###8ab289b0e35cb9fbd890fad67921f31b',`user_nicename`='',`user_email`='',`user_url`='',`avatar`=NULL,`sex`='0',`birthday`=NULL,`signature`=NULL,`last_login_ip`='218.5.136.146',`last_login_time`='2018-05-03 09:56:55',`create_time`='2000-01-01 00:00:00',`user_activation_key`='',`user_status`='1',`score`='0',`user_type`='1',`mobile`='',`department`=NULL WHERE `id` = '33' [ RunTime:0.0069s ]

[ 2018-05-03T09:59:22+08:00 ] 127.0.0.1 /index.php?g=Admin&m=public&a=dologin
INFO: [ app_begin ] --START--
INFO: Run Behavior\ReadHtmlCacheBehavior [ RunTime:0.000344s ]
INFO: Run Behavior\CheckLangBehavior [ RunTime:0.000393s ]
INFO: [ app_begin ] --END-- [ RunTime:0.000998s ]
SQL: SHOW COLUMNS FROM `jd_users` [ RunTime:0.0008s ]
SQL: SELECT * FROM `jd_users` WHERE `user_login` = '刘美纯' LIMIT 1   [ RunTime:0.0003s ]
SQL: SHOW COLUMNS FROM `jd_role_user` [ RunTime:0.0004s ]
SQL: SELECT `role_id` FROM jd_role_user a INNER JOIN jd_role as b on a.role_id =b.id  WHERE `user_id` = '33' AND `status` = 1  [ RunTime:0.0002s ]
SQL: UPDATE `jd_users` SET `user_login`='刘美纯',`user_pass`='###8ab289b0e35cb9fbd890fad67921f31b',`user_nicename`='',`user_email`='',`user_url`='',`avatar`=NULL,`sex`='0',`birthday`=NULL,`signature`=NULL,`last_login_ip`='218.5.136.146',`last_login_time`='2018-05-03 09:59:22',`create_time`='2000-01-01 00:00:00',`user_activation_key`='',`user_status`='1',`score`='0',`user_type`='1',`mobile`='',`department`=NULL WHERE `id` = '33' [ RunTime:0.0089s ]

[ 2018-05-03T10:22:56+08:00 ] 127.0.0.1 /admin/phpmyadmin2/index.php
ERR: 无法加载控制器:Phpmyadmin2

[ 2018-05-03T10:28:30+08:00 ] 127.0.0.1 /index.php?g=Admin&m=public&a=dologin
INFO: [ app_begin ] --START--
INFO: Run Behavior\ReadHtmlCacheBehavior [ RunTime:0.000362s ]
INFO: Run Behavior\CheckLangBehavior [ RunTime:0.000392s ]
INFO: [ app_begin ] --END-- [ RunTime:0.001035s ]

[ 2018-05-03T10:28:35+08:00 ] 127.0.0.1 /index.php?g=Admin&m=public&a=dologin
INFO: [ app_begin ] --START--
INFO: Run Behavior\ReadHtmlCacheBehavior [ RunTime:0.000317s ]
INFO: Run Behavior\CheckLangBehavior [ RunTime:0.000419s ]
INFO: [ app_begin ] --END-- [ RunTime:0.001054s ]
SQL: SHOW COLUMNS FROM `jd_users` [ RunTime:0.0009s ]
SQL: SELECT * FROM `jd_users` WHERE `user_login` = '卢文利' LIMIT 1   [ RunTime:0.0004s ]
SQL: SHOW COLUMNS FROM `jd_role_user` [ RunTime:0.0005s ]
SQL: SELECT `role_id` FROM jd_role_user a INNER JOIN jd_role as b on a.role_id =b.id  WHERE `user_id` = '25' AND `status` = 1  [ RunTime:0.0003s ]
SQL: UPDATE `jd_users` SET `user_login`='卢文利',`user_pass`='###b06d02f4205763b1b74261b872980155',`user_nicename`='',`user_email`='',`user_url`='',`avatar`=NULL,`sex`='0',`birthday`=NULL,`signature`=NULL,`last_login_ip`='218.5.136.146',`last_login_time`='2018-05-03 10:28:35',`create_time`='2000-01-01 00:00:00',`user_activation_key`='',`user_status`='1',`score`='0',`user_type`='1',`mobile`='',`department`=NULL WHERE `id` = '25' [ RunTime:0.0102s ]

[ 2018-05-03T10:53:25+08:00 ] 127.0.0.1 /index.php?g=Admin&m=public&a=dologin
INFO: [ app_begin ] --START--
INFO: Run Behavior\ReadHtmlCacheBehavior [ RunTime:0.000324s ]
INFO: Run Behavior\CheckLangBehavior [ RunTime:0.000513s ]
INFO: [ app_begin ] --END-- [ RunTime:0.001104s ]

[ 2018-05-03T10:53:37+08:00 ] 127.0.0.1 /index.php?g=Admin&m=public&a=dologin
INFO: [ app_begin ] --START--
INFO: Run Behavior\ReadHtmlCacheBehavior [ RunTime:0.000319s ]
INFO: Run Behavior\CheckLangBehavior [ RunTime:0.000403s ]
INFO: [ app_begin ] --END-- [ RunTime:0.000969s ]
SQL: SHOW COLUMNS FROM `jd_users` [ RunTime:0.0007s ]
SQL: SELECT * FROM `jd_users` WHERE `user_login` = '陈恬' LIMIT 1   [ RunTime:0.0004s ]
SQL: SHOW COLUMNS FROM `jd_role_user` [ RunTime:0.0004s ]
SQL: SELECT `role_id` FROM jd_role_user a INNER JOIN jd_role as b on a.role_id =b.id  WHERE `user_id` = '34' AND `status` = 1  [ RunTime:0.0004s ]
SQL: UPDATE `jd_users` SET `user_login`='陈恬',`user_pass`='###8ab289b0e35cb9fbd890fad67921f31b',`user_nicename`='',`user_email`='',`user_url`='',`avatar`=NULL,`sex`='0',`birthday`=NULL,`signature`=NULL,`last_login_ip`='218.5.136.146',`last_login_time`='2018-05-03 10:53:37',`create_time`='2000-01-01 00:00:00',`user_activation_key`='',`user_status`='1',`score`='0',`user_type`='1',`mobile`='',`department`=NULL WHERE `id` = '34' [ RunTime:0.0016s ]

[ 2018-05-03T11:30:52+08:00 ] 127.0.0.1 /index.php?g=Admin&m=public&a=dologin
INFO: [ app_begin ] --START--
INFO: Run Behavior\ReadHtmlCacheBehavior [ RunTime:0.000329s ]
INFO: Run Behavior\CheckLangBehavior [ RunTime:0.000504s ]
INFO: [ app_begin ] --END-- [ RunTime:0.001140s ]
SQL: SHOW COLUMNS FROM `jd_users` [ RunTime:0.0007s ]
SQL: SELECT * FROM `jd_users` WHERE `user_login` = '刘美纯' LIMIT 1   [ RunTime:0.0004s ]
SQL: SHOW COLUMNS FROM `jd_role_user` [ RunTime:0.0004s ]
SQL: SELECT `role_id` FROM jd_role_user a INNER JOIN jd_role as b on a.role_id =b.id  WHERE `user_id` = '33' AND `status` = 1  [ RunTime:0.0003s ]
SQL: UPDATE `jd_users` SET `user_login`='刘美纯',`user_pass`='###8ab289b0e35cb9fbd890fad67921f31b',`user_nicename`='',`user_email`='',`user_url`='',`avatar`=NULL,`sex`='0',`birthday`=NULL,`signature`=NULL,`last_login_ip`='218.5.136.146',`last_login_time`='2018-05-03 11:30:52',`create_time`='2000-01-01 00:00:00',`user_activation_key`='',`user_status`='1',`score`='0',`user_type`='1',`mobile`='',`department`=NULL WHERE `id` = '33' [ RunTime:0.0068s ]

[ 2018-05-03T11:31:01+08:00 ] 127.0.0.1 /index.php?g=Admin&m=public&a=dologin
INFO: [ app_begin ] --START--
INFO: Run Behavior\ReadHtmlCacheBehavior [ RunTime:0.000361s ]
INFO: Run Behavior\CheckLangBehavior [ RunTime:0.000443s ]
INFO: [ app_begin ] --END-- [ RunTime:0.001094s ]
SQL: SHOW COLUMNS FROM `jd_users` [ RunTime:0.0008s ]
SQL: SELECT * FROM `jd_users` WHERE `user_login` = '蔡致兴' LIMIT 1   [ RunTime:0.0003s ]
SQL: SHOW COLUMNS FROM `jd_role_user` [ RunTime:0.0004s ]
SQL: SELECT `role_id` FROM jd_role_user a INNER JOIN jd_role as b on a.role_id =b.id  WHERE `user_id` = '26' AND `status` = 1  [ RunTime:0.0003s ]
SQL: UPDATE `jd_users` SET `user_login`='蔡致兴',`user_pass`='###b06d02f4205763b1b74261b872980155',`user_nicename`='',`user_email`='',`user_url`='',`avatar`=NULL,`sex`='0',`birthday`=NULL,`signature`=NULL,`last_login_ip`='218.5.136.146',`last_login_time`='2018-05-03 11:31:01',`create_time`='2000-01-01 00:00:00',`user_activation_key`='',`user_status`='1',`score`='0',`user_type`='1',`mobile`='',`department`=NULL WHERE `id` = '26' [ RunTime:0.0177s ]

[ 2018-05-03T11:51:12+08:00 ] 127.0.0.1 /index.php?g=Admin&m=public&a=dologin
INFO: [ app_begin ] --START--
INFO: Run Behavior\ReadHtmlCacheBehavior [ RunTime:0.000447s ]
INFO: Run Behavior\CheckLangBehavior [ RunTime:0.000455s ]
INFO: [ app_begin ] --END-- [ RunTime:0.001162s ]

[ 2018-05-03T11:51:18+08:00 ] 127.0.0.1 /index.php?g=Admin&m=public&a=dologin
INFO: [ app_begin ] --START--
INFO: Run Behavior\ReadHtmlCacheBehavior [ RunTime:0.000316s ]
INFO: Run Behavior\CheckLangBehavior [ RunTime:0.000415s ]
INFO: [ app_begin ] --END-- [ RunTime:0.001025s ]

[ 2018-05-03T11:51:25+08:00 ] 127.0.0.1 /index.php?g=Admin&m=public&a=dologin
INFO: [ app_begin ] --START--
INFO: Run Behavior\ReadHtmlCacheBehavior [ RunTime:0.000315s ]
INFO: Run Behavior\CheckLangBehavior [ RunTime:0.000394s ]
INFO: [ app_begin ] --END-- [ RunTime:0.000979s ]

[ 2018-05-03T11:51:34+08:00 ] 127.0.0.1 /index.php?g=Admin&m=public&a=dologin
INFO: [ app_begin ] --START--
INFO: Run Behavior\ReadHtmlCacheBehavior [ RunTime:0.000342s ]
INFO: Run Behavior\CheckLangBehavior [ RunTime:0.000439s ]
INFO: [ app_begin ] --END-- [ RunTime:0.001056s ]
SQL: SHOW COLUMNS FROM `jd_users` [ RunTime:0.0010s ]
SQL: SELECT * FROM `jd_users` WHERE `user_login` = '陈恬' LIMIT 1   [ RunTime:0.0004s ]
SQL: SHOW COLUMNS FROM `jd_role_user` [ RunTime:0.0004s ]
SQL: SELECT `role_id` FROM jd_role_user a INNER JOIN jd_role as b on a.role_id =b.id  WHERE `user_id` = '34' AND `status` = 1  [ RunTime:0.0002s ]
SQL: UPDATE `jd_users` SET `user_login`='陈恬',`user_pass`='###8ab289b0e35cb9fbd890fad67921f31b',`user_nicename`='',`user_email`='',`user_url`='',`avatar`=NULL,`sex`='0',`birthday`=NULL,`signature`=NULL,`last_login_ip`='218.5.136.146',`last_login_time`='2018-05-03 11:51:34',`create_time`='2000-01-01 00:00:00',`user_activation_key`='',`user_status`='1',`score`='0',`user_type`='1',`mobile`='',`department`=NULL WHERE `id` = '34' [ RunTime:0.0088s ]

[ 2018-05-03T13:42:53+08:00 ] 127.0.0.1 /index.php?g=Admin&m=public&a=dologin
INFO: [ app_begin ] --START--
INFO: Run Behavior\ReadHtmlCacheBehavior [ RunTime:0.000375s ]
INFO: Run Behavior\CheckLangBehavior [ RunTime:0.000448s ]
INFO: [ app_begin ] --END-- [ RunTime:0.001141s ]
SQL: SHOW COLUMNS FROM `jd_users` [ RunTime:0.0008s ]
SQL: SELECT * FROM `jd_users` WHERE `user_login` = '蔡大云' LIMIT 1   [ RunTime:0.0004s ]
SQL: SHOW COLUMNS FROM `jd_role_user` [ RunTime:0.0004s ]
SQL: SELECT `role_id` FROM jd_role_user a INNER JOIN jd_role as b on a.role_id =b.id  WHERE `user_id` = '27' AND `status` = 1  [ RunTime:0.0004s ]
SQL: UPDATE `jd_users` SET `user_login`='蔡大云',`user_pass`='###8ab289b0e35cb9fbd890fad67921f31b',`user_nicename`='',`user_email`='',`user_url`='',`avatar`=NULL,`sex`='0',`birthday`=NULL,`signature`=NULL,`last_login_ip`='218.5.136.146',`last_login_time`='2018-05-03 13:42:53',`create_time`='2000-01-01 00:00:00',`user_activation_key`='',`user_status`='1',`score`='0',`user_type`='1',`mobile`='',`department`=NULL WHERE `id` = '27' [ RunTime:0.0011s ]

[ 2018-05-03T14:02:00+08:00 ] 127.0.0.1 /index.php?g=Admin&m=public&a=dologin
INFO: [ app_begin ] --START--
INFO: Run Behavior\ReadHtmlCacheBehavior [ RunTime:0.000323s ]
INFO: Run Behavior\CheckLangBehavior [ RunTime:0.000440s ]
INFO: [ app_begin ] --END-- [ RunTime:0.001033s ]
SQL: SHOW COLUMNS FROM `jd_users` [ RunTime:0.0007s ]
SQL: SELECT * FROM `jd_users` WHERE `user_login` = '刘美纯' LIMIT 1   [ RunTime:0.0004s ]
SQL: SHOW COLUMNS FROM `jd_role_user` [ RunTime:0.0004s ]
SQL: SELECT `role_id` FROM jd_role_user a INNER JOIN jd_role as b on a.role_id =b.id  WHERE `user_id` = '33' AND `status` = 1  [ RunTime:0.0003s ]
SQL: UPDATE `jd_users` SET `user_login`='刘美纯',`user_pass`='###8ab289b0e35cb9fbd890fad67921f31b',`user_nicename`='',`user_email`='',`user_url`='',`avatar`=NULL,`sex`='0',`birthday`=NULL,`signature`=NULL,`last_login_ip`='218.5.136.146',`last_login_time`='2018-05-03 14:02:00',`create_time`='2000-01-01 00:00:00',`user_activation_key`='',`user_status`='1',`score`='0',`user_type`='1',`mobile`='',`department`=NULL WHERE `id` = '33' [ RunTime:0.0015s ]

[ 2018-05-03T14:08:02+08:00 ] 127.0.0.1 /index.php?g=Admin&m=public&a=dologin
INFO: [ app_begin ] --START--
INFO: Run Behavior\ReadHtmlCacheBehavior [ RunTime:0.000347s ]
INFO: Run Behavior\CheckLangBehavior [ RunTime:0.000491s ]
INFO: [ app_begin ] --END-- [ RunTime:0.001124s ]
SQL: SHOW COLUMNS FROM `jd_users` [ RunTime:0.0008s ]
SQL: SELECT * FROM `jd_users` WHERE `user_login` = 'admin' LIMIT 1   [ RunTime:0.0004s ]
SQL: SHOW COLUMNS FROM `jd_role_user` [ RunTime:0.0004s ]
SQL: SELECT `role_id` FROM jd_role_user a INNER JOIN jd_role as b on a.role_id =b.id  WHERE `user_id` = '1' AND `status` = 1  [ RunTime:0.0004s ]
SQL: UPDATE `jd_users` SET `user_login`='admin',`user_pass`='###8ab289b0e35cb9fbd890fad67921f31b',`user_nicename`='loieng',`user_email`='admin',`user_url`='',`avatar`=NULL,`sex`='1',`birthday`=NULL,`signature`='',`last_login_ip`='218.5.136.146',`last_login_time`='2018-05-03 14:08:02',`create_time`='2016-09-13 01:34:16',`user_activation_key`='',`user_status`='1',`score`='0',`user_type`='1',`mobile`='0',`department`='' WHERE `id` = '1' [ RunTime:0.0014s ]

[ 2018-05-03T16:47:53+08:00 ] 127.0.0.1 /index.php?g=Admin&m=public&a=dologin
INFO: [ app_begin ] --START--
INFO: Run Behavior\ReadHtmlCacheBehavior [ RunTime:0.000333s ]
INFO: Run Behavior\CheckLangBehavior [ RunTime:0.000427s ]
INFO: [ app_begin ] --END-- [ RunTime:0.001122s ]

[ 2018-05-03T16:48:14+08:00 ] 127.0.0.1 /index.php?g=Admin&m=public&a=dologin
INFO: [ app_begin ] --START--
INFO: Run Behavior\ReadHtmlCacheBehavior [ RunTime:0.000327s ]
INFO: Run Behavior\CheckLangBehavior [ RunTime:0.000400s ]
INFO: [ app_begin ] --END-- [ RunTime:0.000989s ]
SQL: SHOW COLUMNS FROM `jd_users` [ RunTime:0.0007s ]
SQL: SELECT * FROM `jd_users` WHERE `user_login` = '刘美纯' LIMIT 1   [ RunTime:0.0004s ]
SQL: SHOW COLUMNS FROM `jd_role_user` [ RunTime:0.0004s ]
SQL: SELECT `role_id` FROM jd_role_user a INNER JOIN jd_role as b on a.role_id =b.id  WHERE `user_id` = '33' AND `status` = 1  [ RunTime:0.0004s ]
SQL: UPDATE `jd_users` SET `user_login`='刘美纯',`user_pass`='###8ab289b0e35cb9fbd890fad67921f31b',`user_nicename`='',`user_email`='',`user_url`='',`avatar`=NULL,`sex`='0',`birthday`=NULL,`signature`=NULL,`last_login_ip`='218.5.136.146',`last_login_time`='2018-05-03 16:48:14',`create_time`='2000-01-01 00:00:00',`user_activation_key`='',`user_status`='1',`score`='0',`user_type`='1',`mobile`='',`department`=NULL WHERE `id` = '33' [ RunTime:0.0073s ]

[ 2018-05-03T17:40:04+08:00 ] 127.0.0.1 /index.php?g=Admin&m=public&a=dologin
INFO: [ app_begin ] --START--
INFO: Run Behavior\ReadHtmlCacheBehavior [ RunTime:0.000368s ]
INFO: Run Behavior\CheckLangBehavior [ RunTime:0.000541s ]
INFO: [ app_begin ] --END-- [ RunTime:0.001186s ]
SQL: SHOW COLUMNS FROM `jd_users` [ RunTime:0.0007s ]
SQL: SELECT * FROM `jd_users` WHERE `user_login` = '陈恬' LIMIT 1   [ RunTime:0.0003s ]
SQL: SHOW COLUMNS FROM `jd_role_user` [ RunTime:0.0004s ]
SQL: SELECT `role_id` FROM jd_role_user a INNER JOIN jd_role as b on a.role_id =b.id  WHERE `user_id` = '34' AND `status` = 1  [ RunTime:0.0002s ]
SQL: UPDATE `jd_users` SET `user_login`='陈恬',`user_pass`='###8ab289b0e35cb9fbd890fad67921f31b',`user_nicename`='',`user_email`='',`user_url`='',`avatar`=NULL,`sex`='0',`birthday`=NULL,`signature`=NULL,`last_login_ip`='218.5.136.146',`last_login_time`='2018-05-03 17:40:04',`create_time`='2000-01-01 00:00:00',`user_activation_key`='',`user_status`='1',`score`='0',`user_type`='1',`mobile`='',`department`=NULL WHERE `id` = '34' [ RunTime:0.0072s ]

[ 2018-05-03T23:49:11+08:00 ] 127.0.0.1 /index.php?g=Admin&m=public&a=dologin
INFO: [ app_begin ] --START--
INFO: Run Behavior\ReadHtmlCacheBehavior [ RunTime:0.000328s ]
INFO: Run Behavior\CheckLangBehavior [ RunTime:0.000402s ]
INFO: [ app_begin ] --END-- [ RunTime:0.001029s ]
SQL: SHOW COLUMNS FROM `jd_users` [ RunTime:0.0007s ]
SQL: SELECT * FROM `jd_users` WHERE `user_login` = 'admin' LIMIT 1   [ RunTime:0.0004s ]
SQL: SHOW COLUMNS FROM `jd_role_user` [ RunTime:0.0004s ]
SQL: SELECT `role_id` FROM jd_role_user a INNER JOIN jd_role as b on a.role_id =b.id  WHERE `user_id` = '1' AND `status` = 1  [ RunTime:0.0005s ]
SQL: UPDATE `jd_users` SET `user_login`='admin',`user_pass`='###8ab289b0e35cb9fbd890fad67921f31b',`user_nicename`='loieng',`user_email`='admin',`user_url`='',`avatar`=NULL,`sex`='1',`birthday`=NULL,`signature`='',`last_login_ip`='111.193.190.25',`last_login_time`='2018-05-03 23:49:11',`create_time`='2016-09-13 01:34:16',`user_activation_key`='',`user_status`='1',`score`='0',`user_type`='1',`mobile`='0',`department`='' WHERE `id` = '1' [ RunTime:0.0103s ]

