[ 2018-03-22T07:35:20+08:00 ] 127.0.0.1 /index.php?g=Admin&m=public&a=dologin
INFO: [ app_begin ] --START--
INFO: Run Behavior\ReadHtmlCacheBehavior [ RunTime:0.000327s ]
INFO: Run Behavior\CheckLangBehavior [ RunTime:0.000422s ]
INFO: [ app_begin ] --END-- [ RunTime:0.001020s ]
SQL: SHOW COLUMNS FROM `jd_users` [ RunTime:0.0007s ]
SQL: SELECT * FROM `jd_users` WHERE `user_login` = '卢文利' LIMIT 1   [ RunTime:0.0004s ]
SQL: SHOW COLUMNS FROM `jd_role_user` [ RunTime:0.0004s ]
SQL: SELECT `role_id` FROM jd_role_user a INNER JOIN jd_role as b on a.role_id =b.id  WHERE `user_id` = '25' AND `status` = 1  [ RunTime:0.0005s ]
SQL: UPDATE `jd_users` SET `user_login`='卢文利',`user_pass`='###b06d02f4205763b1b74261b872980155',`user_nicename`='',`user_email`='',`user_url`='',`avatar`=NULL,`sex`='0',`birthday`=NULL,`signature`=NULL,`last_login_ip`='110.81.21.127',`last_login_time`='2018-03-22 07:35:20',`create_time`='2000-01-01 00:00:00',`user_activation_key`='',`user_status`='1',`score`='0',`user_type`='1',`mobile`='',`department`=NULL WHERE `id` = '25' [ RunTime:0.0089s ]

[ 2018-03-22T08:12:33+08:00 ] 127.0.0.1 /index.php?g=Admin&m=public&a=dologin
INFO: [ app_begin ] --START--
INFO: Run Behavior\ReadHtmlCacheBehavior [ RunTime:0.000476s ]
INFO: Run Behavior\CheckLangBehavior [ RunTime:0.000480s ]
INFO: [ app_begin ] --END-- [ RunTime:0.001220s ]
SQL: SHOW COLUMNS FROM `jd_users` [ RunTime:0.0007s ]
SQL: SELECT * FROM `jd_users` WHERE `user_login` = '卢文利' LIMIT 1   [ RunTime:0.0004s ]
SQL: SHOW COLUMNS FROM `jd_role_user` [ RunTime:0.0004s ]
SQL: SELECT `role_id` FROM jd_role_user a INNER JOIN jd_role as b on a.role_id =b.id  WHERE `user_id` = '25' AND `status` = 1  [ RunTime:0.0006s ]
SQL: UPDATE `jd_users` SET `user_login`='卢文利',`user_pass`='###b06d02f4205763b1b74261b872980155',`user_nicename`='',`user_email`='',`user_url`='',`avatar`=NULL,`sex`='0',`birthday`=NULL,`signature`=NULL,`last_login_ip`='110.81.21.127',`last_login_time`='2018-03-22 08:12:33',`create_time`='2000-01-01 00:00:00',`user_activation_key`='',`user_status`='1',`score`='0',`user_type`='1',`mobile`='',`department`=NULL WHERE `id` = '25' [ RunTime:0.0154s ]

[ 2018-03-22T08:45:32+08:00 ] 127.0.0.1 /index.php?g=Admin&m=public&a=dologin
INFO: [ app_begin ] --START--
INFO: Run Behavior\ReadHtmlCacheBehavior [ RunTime:0.000319s ]
INFO: Run Behavior\CheckLangBehavior [ RunTime:0.000432s ]
INFO: [ app_begin ] --END-- [ RunTime:0.001000s ]
SQL: SHOW COLUMNS FROM `jd_users` [ RunTime:0.0007s ]
SQL: SELECT * FROM `jd_users` WHERE `user_login` = '卢少均' LIMIT 1   [ RunTime:0.0006s ]
SQL: SHOW COLUMNS FROM `jd_role_user` [ RunTime:0.0006s ]
SQL: SELECT `role_id` FROM jd_role_user a INNER JOIN jd_role as b on a.role_id =b.id  WHERE `user_id` = '24' AND `status` = 1  [ RunTime:0.0006s ]
SQL: UPDATE `jd_users` SET `user_login`='卢少均',`user_pass`='###b06d02f4205763b1b74261b872980155',`user_nicename`='',`user_email`='',`user_url`='',`avatar`=NULL,`sex`='0',`birthday`=NULL,`signature`=NULL,`last_login_ip`='112.5.44.248',`last_login_time`='2018-03-22 08:45:32',`create_time`='2000-01-01 00:00:00',`user_activation_key`='',`user_status`='1',`score`='0',`user_type`='1',`mobile`='',`department`=NULL WHERE `id` = '24' [ RunTime:0.0059s ]

[ 2018-03-22T09:43:49+08:00 ] 127.0.0.1 /index.php?g=Admin&m=public&a=dologin
INFO: [ app_begin ] --START--
INFO: Run Behavior\ReadHtmlCacheBehavior [ RunTime:0.000321s ]
INFO: Run Behavior\CheckLangBehavior [ RunTime:0.000420s ]
INFO: [ app_begin ] --END-- [ RunTime:0.001007s ]
SQL: SHOW COLUMNS FROM `jd_users` [ RunTime:0.0007s ]
SQL: SELECT * FROM `jd_users` WHERE `user_login` = '卢少均' LIMIT 1   [ RunTime:0.0004s ]
SQL: SHOW COLUMNS FROM `jd_role_user` [ RunTime:0.0004s ]
SQL: SELECT `role_id` FROM jd_role_user a INNER JOIN jd_role as b on a.role_id =b.id  WHERE `user_id` = '24' AND `status` = 1  [ RunTime:0.0005s ]
SQL: UPDATE `jd_users` SET `user_login`='卢少均',`user_pass`='###b06d02f4205763b1b74261b872980155',`user_nicename`='',`user_email`='',`user_url`='',`avatar`=NULL,`sex`='0',`birthday`=NULL,`signature`=NULL,`last_login_ip`='218.5.136.146',`last_login_time`='2018-03-22 09:43:49',`create_time`='2000-01-01 00:00:00',`user_activation_key`='',`user_status`='1',`score`='0',`user_type`='1',`mobile`='',`department`=NULL WHERE `id` = '24' [ RunTime:0.0102s ]

[ 2018-03-22T10:24:05+08:00 ] 127.0.0.1 /index.php?g=Admin&m=public&a=dologin
INFO: [ app_begin ] --START--
INFO: Run Behavior\ReadHtmlCacheBehavior [ RunTime:0.000364s ]
INFO: Run Behavior\CheckLangBehavior [ RunTime:0.000587s ]
INFO: [ app_begin ] --END-- [ RunTime:0.001251s ]
SQL: SHOW COLUMNS FROM `jd_users` [ RunTime:0.0007s ]
SQL: SELECT * FROM `jd_users` WHERE `user_login` = '卢文利' LIMIT 1   [ RunTime:0.0004s ]
SQL: SHOW COLUMNS FROM `jd_role_user` [ RunTime:0.0004s ]
SQL: SELECT `role_id` FROM jd_role_user a INNER JOIN jd_role as b on a.role_id =b.id  WHERE `user_id` = '25' AND `status` = 1  [ RunTime:0.0005s ]
SQL: UPDATE `jd_users` SET `user_login`='卢文利',`user_pass`='###b06d02f4205763b1b74261b872980155',`user_nicename`='',`user_email`='',`user_url`='',`avatar`=NULL,`sex`='0',`birthday`=NULL,`signature`=NULL,`last_login_ip`='110.81.21.127',`last_login_time`='2018-03-22 10:24:05',`create_time`='2000-01-01 00:00:00',`user_activation_key`='',`user_status`='1',`score`='0',`user_type`='1',`mobile`='',`department`=NULL WHERE `id` = '25' [ RunTime:0.0169s ]

[ 2018-03-22T11:06:51+08:00 ] 127.0.0.1 /index.php?g=Admin&m=public&a=dologin
INFO: [ app_begin ] --START--
INFO: Run Behavior\ReadHtmlCacheBehavior [ RunTime:0.000428s ]
INFO: Run Behavior\CheckLangBehavior [ RunTime:0.000519s ]
INFO: [ app_begin ] --END-- [ RunTime:0.001224s ]
SQL: SHOW COLUMNS FROM `jd_users` [ RunTime:0.0008s ]
SQL: SELECT * FROM `jd_users` WHERE `user_login` = '卢文利' LIMIT 1   [ RunTime:0.0005s ]
SQL: SHOW COLUMNS FROM `jd_role_user` [ RunTime:0.0004s ]
SQL: SELECT `role_id` FROM jd_role_user a INNER JOIN jd_role as b on a.role_id =b.id  WHERE `user_id` = '25' AND `status` = 1  [ RunTime:0.0005s ]
SQL: UPDATE `jd_users` SET `user_login`='卢文利',`user_pass`='###b06d02f4205763b1b74261b872980155',`user_nicename`='',`user_email`='',`user_url`='',`avatar`=NULL,`sex`='0',`birthday`=NULL,`signature`=NULL,`last_login_ip`='110.81.21.127',`last_login_time`='2018-03-22 11:06:51',`create_time`='2000-01-01 00:00:00',`user_activation_key`='',`user_status`='1',`score`='0',`user_type`='1',`mobile`='',`department`=NULL WHERE `id` = '25' [ RunTime:0.0017s ]

[ 2018-03-22T12:35:42+08:00 ] 127.0.0.1 /index.php?g=Admin&m=public&a=dologin
INFO: [ app_begin ] --START--
INFO: Run Behavior\ReadHtmlCacheBehavior [ RunTime:0.000459s ]
INFO: Run Behavior\CheckLangBehavior [ RunTime:0.000466s ]
INFO: [ app_begin ] --END-- [ RunTime:0.001258s ]
SQL: SHOW COLUMNS FROM `jd_users` [ RunTime:0.0008s ]
SQL: SELECT * FROM `jd_users` WHERE `user_login` = 'cui' LIMIT 1   [ RunTime:0.0004s ]
SQL: SHOW COLUMNS FROM `jd_role_user` [ RunTime:0.0004s ]
SQL: SELECT `role_id` FROM jd_role_user a INNER JOIN jd_role as b on a.role_id =b.id  WHERE `user_id` = '22' AND `status` = 1  [ RunTime:0.0005s ]
SQL: UPDATE `jd_users` SET `user_login`='cui',`user_pass`='###8ab289b0e35cb9fbd890fad67921f31b',`user_nicename`='',`user_email`='',`user_url`='',`avatar`=NULL,`sex`='0',`birthday`=NULL,`signature`=NULL,`last_login_ip`='218.5.136.146',`last_login_time`='2018-03-22 12:35:42',`create_time`='2000-01-01 00:00:00',`user_activation_key`='',`user_status`='1',`score`='0',`user_type`='1',`mobile`='',`department`=NULL WHERE `id` = '22' [ RunTime:0.0153s ]

[ 2018-03-22T12:36:52+08:00 ] 127.0.0.1 /index.php?g=Admin&m=public&a=dologin
INFO: [ app_begin ] --START--
INFO: Run Behavior\ReadHtmlCacheBehavior [ RunTime:0.000354s ]
INFO: Run Behavior\CheckLangBehavior [ RunTime:0.000490s ]
INFO: [ app_begin ] --END-- [ RunTime:0.001093s ]
SQL: SHOW COLUMNS FROM `jd_users` [ RunTime:0.0007s ]
SQL: SELECT * FROM `jd_users` WHERE `user_login` = '蔡大云' LIMIT 1   [ RunTime:0.0004s ]
SQL: SHOW COLUMNS FROM `jd_role_user` [ RunTime:0.0004s ]
SQL: SELECT `role_id` FROM jd_role_user a INNER JOIN jd_role as b on a.role_id =b.id  WHERE `user_id` = '27' AND `status` = 1  [ RunTime:0.0006s ]
SQL: UPDATE `jd_users` SET `user_login`='蔡大云',`user_pass`='###8ab289b0e35cb9fbd890fad67921f31b',`user_nicename`='',`user_email`='',`user_url`='',`avatar`=NULL,`sex`='0',`birthday`=NULL,`signature`=NULL,`last_login_ip`='218.5.136.146',`last_login_time`='2018-03-22 12:36:52',`create_time`='2000-01-01 00:00:00',`user_activation_key`='',`user_status`='1',`score`='0',`user_type`='1',`mobile`='',`department`=NULL WHERE `id` = '27' [ RunTime:0.0269s ]

[ 2018-03-22T12:39:29+08:00 ] 127.0.0.1 /index.php?g=Admin&m=public&a=dologin
INFO: [ app_begin ] --START--
INFO: Run Behavior\ReadHtmlCacheBehavior [ RunTime:0.000359s ]
INFO: Run Behavior\CheckLangBehavior [ RunTime:0.000451s ]
INFO: [ app_begin ] --END-- [ RunTime:0.001081s ]
SQL: SHOW COLUMNS FROM `jd_users` [ RunTime:0.0007s ]
SQL: SELECT * FROM `jd_users` WHERE `user_login` = '蔡致兴' LIMIT 1   [ RunTime:0.0004s ]
SQL: SHOW COLUMNS FROM `jd_role_user` [ RunTime:0.0004s ]
SQL: SELECT `role_id` FROM jd_role_user a INNER JOIN jd_role as b on a.role_id =b.id  WHERE `user_id` = '26' AND `status` = 1  [ RunTime:0.0005s ]
SQL: UPDATE `jd_users` SET `user_login`='蔡致兴',`user_pass`='###b06d02f4205763b1b74261b872980155',`user_nicename`='',`user_email`='',`user_url`='',`avatar`=NULL,`sex`='0',`birthday`=NULL,`signature`=NULL,`last_login_ip`='218.5.136.146',`last_login_time`='2018-03-22 12:39:29',`create_time`='2000-01-01 00:00:00',`user_activation_key`='',`user_status`='1',`score`='0',`user_type`='1',`mobile`='',`department`=NULL WHERE `id` = '26' [ RunTime:0.0020s ]

[ 2018-03-22T12:39:34+08:00 ] 127.0.0.1 /index.php?g=Admin&m=public&a=dologin
INFO: [ app_begin ] --START--
INFO: Run Behavior\ReadHtmlCacheBehavior [ RunTime:0.000358s ]
INFO: Run Behavior\CheckLangBehavior [ RunTime:0.000568s ]
INFO: [ app_begin ] --END-- [ RunTime:0.001241s ]
SQL: SHOW COLUMNS FROM `jd_users` [ RunTime:0.0007s ]
SQL: SELECT * FROM `jd_users` WHERE `user_login` = '卢文利' LIMIT 1   [ RunTime:0.0003s ]
SQL: SHOW COLUMNS FROM `jd_role_user` [ RunTime:0.0005s ]
SQL: SELECT `role_id` FROM jd_role_user a INNER JOIN jd_role as b on a.role_id =b.id  WHERE `user_id` = '25' AND `status` = 1  [ RunTime:0.0002s ]
SQL: UPDATE `jd_users` SET `user_login`='卢文利',`user_pass`='###b06d02f4205763b1b74261b872980155',`user_nicename`='',`user_email`='',`user_url`='',`avatar`=NULL,`sex`='0',`birthday`=NULL,`signature`=NULL,`last_login_ip`='218.5.136.146',`last_login_time`='2018-03-22 12:39:34',`create_time`='2000-01-01 00:00:00',`user_activation_key`='',`user_status`='1',`score`='0',`user_type`='1',`mobile`='',`department`=NULL WHERE `id` = '25' [ RunTime:0.0011s ]

[ 2018-03-22T13:24:58+08:00 ] 127.0.0.1 /index.php?g=Admin&m=public&a=dologin
INFO: [ app_begin ] --START--
INFO: Run Behavior\ReadHtmlCacheBehavior [ RunTime:0.000341s ]
INFO: Run Behavior\CheckLangBehavior [ RunTime:0.000457s ]
INFO: [ app_begin ] --END-- [ RunTime:0.001045s ]
SQL: SHOW COLUMNS FROM `jd_users` [ RunTime:0.0008s ]
SQL: SELECT * FROM `jd_users` WHERE `user_login` = '卢文利' LIMIT 1   [ RunTime:0.0005s ]
SQL: SHOW COLUMNS FROM `jd_role_user` [ RunTime:0.0004s ]
SQL: SELECT `role_id` FROM jd_role_user a INNER JOIN jd_role as b on a.role_id =b.id  WHERE `user_id` = '25' AND `status` = 1  [ RunTime:0.0006s ]
SQL: UPDATE `jd_users` SET `user_login`='卢文利',`user_pass`='###b06d02f4205763b1b74261b872980155',`user_nicename`='',`user_email`='',`user_url`='',`avatar`=NULL,`sex`='0',`birthday`=NULL,`signature`=NULL,`last_login_ip`='218.5.136.146',`last_login_time`='2018-03-22 13:24:58',`create_time`='2000-01-01 00:00:00',`user_activation_key`='',`user_status`='1',`score`='0',`user_type`='1',`mobile`='',`department`=NULL WHERE `id` = '25' [ RunTime:0.0143s ]

[ 2018-03-22T13:38:23+08:00 ] 127.0.0.1 /index.php?g=Admin&m=public&a=dologin
INFO: [ app_begin ] --START--
INFO: Run Behavior\ReadHtmlCacheBehavior [ RunTime:0.000332s ]
INFO: Run Behavior\CheckLangBehavior [ RunTime:0.000470s ]
INFO: [ app_begin ] --END-- [ RunTime:0.001103s ]
SQL: SHOW COLUMNS FROM `jd_users` [ RunTime:0.0007s ]
SQL: SELECT * FROM `jd_users` WHERE `user_login` = '蔡大云' LIMIT 1   [ RunTime:0.0004s ]
SQL: SHOW COLUMNS FROM `jd_role_user` [ RunTime:0.0005s ]
SQL: SELECT `role_id` FROM jd_role_user a INNER JOIN jd_role as b on a.role_id =b.id  WHERE `user_id` = '27' AND `status` = 1  [ RunTime:0.0003s ]
SQL: UPDATE `jd_users` SET `user_login`='蔡大云',`user_pass`='###8ab289b0e35cb9fbd890fad67921f31b',`user_nicename`='',`user_email`='',`user_url`='',`avatar`=NULL,`sex`='0',`birthday`=NULL,`signature`=NULL,`last_login_ip`='218.5.136.146',`last_login_time`='2018-03-22 13:38:23',`create_time`='2000-01-01 00:00:00',`user_activation_key`='',`user_status`='1',`score`='0',`user_type`='1',`mobile`='',`department`=NULL WHERE `id` = '27' [ RunTime:0.0016s ]

[ 2018-03-22T14:56:28+08:00 ] 127.0.0.1 /index.php?g=Admin&m=public&a=dologin
INFO: [ app_begin ] --START--
INFO: Run Behavior\ReadHtmlCacheBehavior [ RunTime:0.000339s ]
INFO: Run Behavior\CheckLangBehavior [ RunTime:0.000461s ]
INFO: [ app_begin ] --END-- [ RunTime:0.001080s ]
SQL: SHOW COLUMNS FROM `jd_users` [ RunTime:0.0007s ]
SQL: SELECT * FROM `jd_users` WHERE `user_login` = '铭琳' LIMIT 1   [ RunTime:0.0003s ]
SQL: SHOW COLUMNS FROM `jd_role_user` [ RunTime:0.0004s ]
SQL: SELECT `role_id` FROM jd_role_user a INNER JOIN jd_role as b on a.role_id =b.id  WHERE `user_id` = '28' AND `status` = 1  [ RunTime:0.0002s ]
SQL: UPDATE `jd_users` SET `user_login`='铭琳',`user_pass`='###8ab289b0e35cb9fbd890fad67921f31b',`user_nicename`='',`user_email`='',`user_url`='',`avatar`=NULL,`sex`='0',`birthday`=NULL,`signature`=NULL,`last_login_ip`='111.202.41.226',`last_login_time`='2018-03-22 14:56:28',`create_time`='2000-01-01 00:00:00',`user_activation_key`='',`user_status`='1',`score`='0',`user_type`='1',`mobile`='',`department`=NULL WHERE `id` = '28' [ RunTime:0.0020s ]

[ 2018-03-22T19:36:47+08:00 ] 127.0.0.1 /index.php?g=Admin&m=public&a=dologin
INFO: [ app_begin ] --START--
INFO: Run Behavior\ReadHtmlCacheBehavior [ RunTime:0.000397s ]
INFO: Run Behavior\CheckLangBehavior [ RunTime:0.000477s ]
INFO: [ app_begin ] --END-- [ RunTime:0.001187s ]
SQL: SHOW COLUMNS FROM `jd_users` [ RunTime:0.0007s ]
SQL: SELECT * FROM `jd_users` WHERE `user_login` = '蔡大云' LIMIT 1   [ RunTime:0.0004s ]
SQL: SHOW COLUMNS FROM `jd_role_user` [ RunTime:0.0005s ]
SQL: SELECT `role_id` FROM jd_role_user a INNER JOIN jd_role as b on a.role_id =b.id  WHERE `user_id` = '27' AND `status` = 1  [ RunTime:0.0002s ]
SQL: UPDATE `jd_users` SET `user_login`='蔡大云',`user_pass`='###8ab289b0e35cb9fbd890fad67921f31b',`user_nicename`='',`user_email`='',`user_url`='',`avatar`=NULL,`sex`='0',`birthday`=NULL,`signature`=NULL,`last_login_ip`='218.5.136.146',`last_login_time`='2018-03-22 19:36:47',`create_time`='2000-01-01 00:00:00',`user_activation_key`='',`user_status`='1',`score`='0',`user_type`='1',`mobile`='',`department`=NULL WHERE `id` = '27' [ RunTime:0.0046s ]

[ 2018-03-22T20:00:16+08:00 ] 127.0.0.1 /index.php?g=Admin&m=public&a=dologin
INFO: [ app_begin ] --START--
INFO: Run Behavior\ReadHtmlCacheBehavior [ RunTime:0.000344s ]
INFO: Run Behavior\CheckLangBehavior [ RunTime:0.000448s ]
INFO: [ app_begin ] --END-- [ RunTime:0.001077s ]
SQL: SHOW COLUMNS FROM `jd_users` [ RunTime:0.0007s ]
SQL: SELECT * FROM `jd_users` WHERE `user_login` = 'admin' LIMIT 1   [ RunTime:0.0004s ]
SQL: SHOW COLUMNS FROM `jd_role_user` [ RunTime:0.0004s ]
SQL: SELECT `role_id` FROM jd_role_user a INNER JOIN jd_role as b on a.role_id =b.id  WHERE `user_id` = '1' AND `status` = 1  [ RunTime:0.0004s ]
SQL: UPDATE `jd_users` SET `user_login`='admin',`user_pass`='###8ab289b0e35cb9fbd890fad67921f31b',`user_nicename`='loieng',`user_email`='admin',`user_url`='',`avatar`=NULL,`sex`='1',`birthday`=NULL,`signature`='',`last_login_ip`='218.5.136.146',`last_login_time`='2018-03-22 20:00:16',`create_time`='2016-09-13 01:34:16',`user_activation_key`='',`user_status`='1',`score`='0',`user_type`='1',`mobile`='0',`department`='' WHERE `id` = '1' [ RunTime:0.0081s ]

[ 2018-03-22T21:29:51+08:00 ] 127.0.0.1 /index.php?g=Admin&m=public&a=dologin
INFO: [ app_begin ] --START--
INFO: Run Behavior\ReadHtmlCacheBehavior [ RunTime:0.000542s ]
INFO: Run Behavior\CheckLangBehavior [ RunTime:0.000643s ]
INFO: [ app_begin ] --END-- [ RunTime:0.001571s ]
SQL: SHOW COLUMNS FROM `jd_users` [ RunTime:0.0009s ]
SQL: SELECT * FROM `jd_users` WHERE `user_login` = '蔡大云' LIMIT 1   [ RunTime:0.0005s ]
SQL: SHOW COLUMNS FROM `jd_role_user` [ RunTime:0.0005s ]
SQL: SELECT `role_id` FROM jd_role_user a INNER JOIN jd_role as b on a.role_id =b.id  WHERE `user_id` = '27' AND `status` = 1  [ RunTime:0.0003s ]
SQL: UPDATE `jd_users` SET `user_login`='蔡大云',`user_pass`='###8ab289b0e35cb9fbd890fad67921f31b',`user_nicename`='',`user_email`='',`user_url`='',`avatar`=NULL,`sex`='0',`birthday`=NULL,`signature`=NULL,`last_login_ip`='218.5.136.146',`last_login_time`='2018-03-22 21:29:51',`create_time`='2000-01-01 00:00:00',`user_activation_key`='',`user_status`='1',`score`='0',`user_type`='1',`mobile`='',`department`=NULL WHERE `id` = '27' [ RunTime:0.0057s ]

[ 2018-03-22T22:47:15+08:00 ] 127.0.0.1 /index.php?g=Admin&m=public&a=dologin
INFO: [ app_begin ] --START--
INFO: Run Behavior\ReadHtmlCacheBehavior [ RunTime:0.000323s ]
INFO: Run Behavior\CheckLangBehavior [ RunTime:0.000454s ]
INFO: [ app_begin ] --END-- [ RunTime:0.001032s ]
SQL: SHOW COLUMNS FROM `jd_users` [ RunTime:0.0007s ]
SQL: SELECT * FROM `jd_users` WHERE `user_login` = '卢少均' LIMIT 1   [ RunTime:0.0004s ]
SQL: SHOW COLUMNS FROM `jd_role_user` [ RunTime:0.0004s ]
SQL: SELECT `role_id` FROM jd_role_user a INNER JOIN jd_role as b on a.role_id =b.id  WHERE `user_id` = '24' AND `status` = 1  [ RunTime:0.0005s ]
SQL: UPDATE `jd_users` SET `user_login`='卢少均',`user_pass`='###b06d02f4205763b1b74261b872980155',`user_nicename`='',`user_email`='',`user_url`='',`avatar`=NULL,`sex`='0',`birthday`=NULL,`signature`=NULL,`last_login_ip`='112.5.44.248',`last_login_time`='2018-03-22 22:47:15',`create_time`='2000-01-01 00:00:00',`user_activation_key`='',`user_status`='1',`score`='0',`user_type`='1',`mobile`='',`department`=NULL WHERE `id` = '24' [ RunTime:0.0104s ]

